{"numTotalTestSuites":371,"numPassedTestSuites":369,"numFailedTestSuites":2,"numPendingTestSuites":0,"numTotalTests":1246,"numPassedTests":1245,"numFailedTests":1,"numPendingTests":0,"numTodoTests":0,"snapshot":{"added":0,"failure":false,"filesAdded":0,"filesRemoved":0,"filesRemovedList":[],"filesUnmatched":0,"filesUpdated":0,"matched":0,"total":0,"unchecked":0,"uncheckedKeysByFile":[],"unmatched":0,"updated":0,"didUpdate":false},"startTime":1789054237374,"success":false,"testResults":[{"assertionResults":[{"ancestorTitles":["addition_test 综合数据包"],"fullName":"addition_test 综合数据包 解析 manifest、所有扩展表、Tag、Extra 和图片资源","status":"passed","title":"解析 manifest、所有扩展表、Tag、Extra 和图片资源","duration":9.346000000000004,"failureMessages":[],"meta":{}},{"ancestorTitles":["addition_test 综合数据包"],"fullName":"addition_test 综合数据包 可以和 base 一起构建 Registry，并保留跨包引用","status":"passed","title":"可以和 base 一起构建 Registry，并保留跨包引用","duration":23.37620000000004,"failureMessages":[],"meta":{}}],"startTime":1789054244980,"endTime":1789054245013.3762,"status":"passed","message":"","name":"C:/Users/15229/Documents/Obsidian Vault/1-项目/ACProgram/tests/data/addition-test-pack.test.ts"},{"assertionResults":[{"ancestorTitles":["AronaClickerCore JSON 数据包（打包读取）"],"fullName":"AronaClickerCore JSON 数据包（打包读取） 加载 zip：23 个 json 分片全部合并，无忽略文件","status":"passed","title":"加载 zip：23 个 json 分片全部合并，无忽略文件","duration":15.189399999999978,"failureMessages":[],"meta":{}},{"ancestorTitles":["AronaClickerCore JSON 数据包（打包读取）"],"fullName":"AronaClickerCore JSON 数据包（打包读取） 各列表字段按分片合并出预期条目数","status":"passed","title":"各列表字段按分片合并出预期条目数","duration":5.7216999999999985,"failureMessages":[],"meta":{}},{"ancestorTitles":["AronaClickerCore JSON 数据包（打包读取）"],"fullName":"AronaClickerCore JSON 数据包（打包读取） extras 扁平键分片合并","status":"passed","title":"extras 扁平键分片合并","duration":3.900599999999997,"failureMessages":[],"meta":{}},{"ancestorTitles":["AronaClickerCore JSON 数据包（打包读取）"],"fullName":"AronaClickerCore JSON 数据包（打包读取） Registry 校验通过：id 唯一、引用完整、extra 合法","status":"passed","title":"Registry 校验通过：id 唯一、引用完整、extra 合法","duration":7.108099999999979,"failureMessages":[],"meta":{}},{"ancestorTitles":["AronaClickerCore JSON 数据包（打包读取）"],"fullName":"AronaClickerCore JSON 数据包（打包读取） 千年学院世界线：init/area/spot 引用与索引完整","status":"passed","title":"千年学院世界线：init/area/spot 引用与索引完整","duration":3.7527000000000044,"failureMessages":[],"meta":{}}],"startTime":1789054242352,"endTime":1789054242387.7527,"status":"passed","message":"","name":"C:/Users/15229/Documents/Obsidian Vault/1-项目/ACProgram/tests/data/arona-clicker-core.test.ts"},{"assertionResults":[{"ancestorTitles":["Datapack fragment parser"],"fullName":"Datapack fragment parser 解析分片并合并列表与 extras","status":"passed","title":"解析分片并合并列表与 extras","duration":1.8478000000000065,"failureMessages":[],"meta":{}},{"ancestorTitles":["Datapack fragment parser"],"fullName":"Datapack fragment parser 错误包含分片路径","status":"passed","title":"错误包含分片路径","duration":0.8573000000000093,"failureMessages":[],"meta":{}}],"startTime":1789054245910,"endTime":1789054245912.8574,"status":"passed","message":"","name":"C:/Users/15229/Documents/Obsidian Vault/1-项目/ACProgram/tests/data/fragment-parser.test.ts"},{"assertionResults":[{"ancestorTitles":["PackManager"],"fullName":"PackManager 通过快照存储恢复包库、启用集与顺序","status":"passed","title":"通过快照存储恢复包库、启用集与顺序","duration":1.807800000000043,"failureMessages":[],"meta":{}},{"ancestorTitles":["PackManager"],"fullName":"PackManager 导入、启用、排序与快照","status":"passed","title":"导入、启用、排序与快照","duration":0.3576999999999657,"failureMessages":[],"meta":{}},{"ancestorTitles":["PackManager"],"fullName":"PackManager 启用同 modName 的两个包时拒绝并回滚","status":"passed","title":"启用同 modName 的两个包时拒绝并回滚","duration":0.42269999999996344,"failureMessages":[],"meta":{}},{"ancestorTitles":["PackManager"],"fullName":"PackManager 删除包会同步清理启用集与排序","status":"passed","title":"删除包会同步清理启用集与排序","duration":0.2085999999999899,"failureMessages":[],"meta":{}},{"ancestorTitles":["PackManager"],"fullName":"PackManager 按启用集顺序应用到 Runtime，并按 manifest modName 登记图片","status":"passed","title":"按启用集顺序应用到 Runtime，并按 manifest modName 登记图片","duration":0.4183999999999628,"failureMessages":[],"meta":{}},{"ancestorTitles":["PackManager"],"fullName":"PackManager 预校验失败时不 reload、不触碰图片资源","status":"passed","title":"预校验失败时不 reload、不触碰图片资源","duration":0.7379999999999995,"failureMessages":[],"meta":{}},{"ancestorTitles":["PackManager"],"fullName":"PackManager 草案校验失败时不改变正式启用集","status":"passed","title":"草案校验失败时不改变正式启用集","duration":0.28230000000002065,"failureMessages":[],"meta":{}},{"ancestorTitles":["PackManager"],"fullName":"PackManager 草案不能移除内置核心包","status":"passed","title":"草案不能移除内置核心包","duration":0.24500000000000455,"failureMessages":[],"meta":{}},{"ancestorTitles":["PackManager"],"fullName":"PackManager 草案校验要求依赖位于启用序列内","status":"passed","title":"草案校验要求依赖位于启用序列内","duration":0.17509999999998627,"failureMessages":[],"meta":{}},{"ancestorTitles":["PackManager"],"fullName":"PackManager 草案应用成功后才提交正式启用集","status":"passed","title":"草案应用成功后才提交正式启用集","duration":0.24209999999999354,"failureMessages":[],"meta":{}},{"ancestorTitles":["PackManager"],"fullName":"PackManager 草案应用 reload 失败时保留旧正式启用集","status":"passed","title":"草案应用 reload 失败时保留旧正式启用集","duration":0.2236000000000331,"failureMessages":[],"meta":{}},{"ancestorTitles":["PackManager"],"fullName":"PackManager 依赖提示区分已启用、已安装未启用与缺失","status":"passed","title":"依赖提示区分已启用、已安装未启用与缺失","duration":0.36899999999997135,"failureMessages":[],"meta":{}}],"startTime":1789054241736,"endTime":1789054241742.369,"status":"passed","message":"","name":"C:/Users/15229/Documents/Obsidian Vault/1-项目/ACProgram/tests/data/pack-manager.test.ts"},{"assertionResults":[{"ancestorTitles":["PackManifest"],"fullName":"PackManifest 解析并规范化完整 manifest","status":"passed","title":"解析并规范化完整 manifest","duration":1.5964999999999918,"failureMessages":[],"meta":{}},{"ancestorTitles":["PackManifest"],"fullName":"PackManifest 可省略可选字段，dependencies 默认为空","status":"passed","title":"可省略可选字段，dependencies 默认为空","duration":0.197400000000016,"failureMessages":[],"meta":{}},{"ancestorTitles":["PackManifest"],"fullName":"PackManifest 拒绝缺失字段与非法 modName","status":"passed","title":"拒绝缺失字段与非法 modName","duration":0.8490999999999644,"failureMessages":[],"meta":{}},{"ancestorTitles":["PackManifest"],"fullName":"PackManifest 拒绝错误的 dependencies 类型","status":"passed","title":"拒绝错误的 dependencies 类型","duration":0.7148000000000252,"failureMessages":[],"meta":{}}],"startTime":1789054245818,"endTime":1789054245821.7148,"status":"passed","message":"","name":"C:/Users/15229/Documents/Obsidian Vault/1-项目/ACProgram/tests/data/pack-manifest.test.ts"},{"assertionResults":[{"ancestorTitles":["parsePack"],"fullName":"parsePack 解析 manifest、分片与图片资源","status":"passed","title":"解析 manifest、分片与图片资源","duration":4.223299999999995,"failureMessages":[],"meta":{}},{"ancestorTitles":["parsePack"],"fullName":"parsePack 缺少 manifest 时拒绝","status":"passed","title":"缺少 manifest 时拒绝","duration":1.1836000000000695,"failureMessages":[],"meta":{}},{"ancestorTitles":["parsePack"],"fullName":"parsePack manifest 与分片元数据不一致时拒绝","status":"passed","title":"manifest 与分片元数据不一致时拒绝","duration":0.7457000000000562,"failureMessages":[],"meta":{}},{"ancestorTitles":["parsePack"],"fullName":"parsePack 提供 ZIP buffer 便捷入口","status":"passed","title":"提供 ZIP buffer 便捷入口","duration":2.91070000000002,"failureMessages":[],"meta":{}}],"startTime":1789054245212,"endTime":1789054245221.9106,"status":"passed","message":"","name":"C:/Users/15229/Documents/Obsidian Vault/1-项目/ACProgram/tests/data/pack-parser.test.ts"},{"assertionResults":[{"ancestorTitles":["ZipPackSource"],"fullName":"ZipPackSource 将 zip 条目暴露为可读取的 PackEntry","status":"passed","title":"将 zip 条目暴露为可读取的 PackEntry","duration":5.939099999999996,"failureMessages":[],"meta":{}}],"startTime":1789054246150,"endTime":1789054246155.9392,"status":"passed","message":"","name":"C:/Users/15229/Documents/Obsidian Vault/1-项目/ACProgram/tests/data/pack-source.test.ts"},{"assertionResults":[{"ancestorTitles":["JsonPackSnapshotStore"],"fullName":"JsonPackSnapshotStore 保存与读取包库快照","status":"passed","title":"保存与读取包库快照","duration":1.691599999999994,"failureMessages":[],"meta":{}},{"ancestorTitles":["JsonPackSnapshotStore"],"fullName":"JsonPackSnapshotStore 损坏或形状不符的数据安全降级为空","status":"passed","title":"损坏或形状不符的数据安全降级为空","duration":0.27710000000001855,"failureMessages":[],"meta":{}},{"ancestorTitles":["JsonPackSnapshotStore"],"fullName":"JsonPackSnapshotStore clear 删除快照","status":"passed","title":"clear 删除快照","duration":0.13920000000001664,"failureMessages":[],"meta":{}},{"ancestorTitles":["IndexedDbPackSnapshotStore"],"fullName":"IndexedDbPackSnapshotStore 不支持 IndexedDB 的环境明确拒绝操作","status":"passed","title":"不支持 IndexedDB 的环境明确拒绝操作","duration":1.1978000000000293,"failureMessages":[],"meta":{}}],"startTime":1789054245730,"endTime":1789054245733.1978,"status":"passed","message":"","name":"C:/Users/15229/Documents/Obsidian Vault/1-项目/ACProgram/tests/data/pack-storage.test.ts"},{"assertionResults":[{"ancestorTitles":["Shop Registry（P1）"],"fullName":"Shop Registry（P1） 注册 Shop 表并保留结构化的 Item / Resource 提案","status":"passed","title":"注册 Shop 表并保留结构化的 Item / Resource 提案","duration":6.550299999999993,"failureMessages":[],"meta":{}},{"ancestorTitles":["Shop Registry（P1）"],"fullName":"Shop Registry（P1） 未知 Item 引用在完整 Registry 校验时拒绝","status":"passed","title":"未知 Item 引用在完整 Registry 校验时拒绝","duration":1.1517000000000053,"failureMessages":[],"meta":{}},{"ancestorTitles":["Shop Registry（P1）"],"fullName":"Shop Registry（P1） 重复 Entry 与不存在的 Section 被拒绝","status":"passed","title":"重复 Entry 与不存在的 Section 被拒绝","duration":0.9037999999999329,"failureMessages":[],"meta":{}}],"startTime":1789054245419,"endTime":1789054245427.9038,"status":"passed","message":"","name":"C:/Users/15229/Documents/Obsidian Vault/1-项目/ACProgram/tests/data/shop-registry.test.ts"},{"assertionResults":[{"ancestorTitles":["StorageAdapter"],"fullName":"StorageAdapter 定义最小的 get/set/remove 介面","status":"passed","title":"定义最小的 get/set/remove 介面","duration":1.2069999999999936,"failureMessages":[],"meta":{}},{"ancestorTitles":["StorageAdapter"],"fullName":"StorageAdapter 提供浏览器 LocalStorage 实现","status":"passed","title":"提供浏览器 LocalStorage 实现","duration":0.4732999999999947,"failureMessages":[],"meta":{}}],"startTime":1789054245739,"endTime":1789054245740.4734,"status":"passed","message":"","name":"C:/Users/15229/Documents/Obsidian Vault/1-项目/ACProgram/tests/data/storage-adapter.test.ts"},{"assertionResults":[{"ancestorTitles":["loadDatapackFromZip"],"fullName":"loadDatapackFromZip 合并多个分片文件为单个 Datapack 并通过 Registry 校验","status":"passed","title":"合并多个分片文件为单个 Datapack 并通过 Registry 校验","duration":7.303799999999967,"failureMessages":[],"meta":{}},{"ancestorTitles":["loadDatapackFromZip"],"fullName":"loadDatapackFromZip 递归遍历子目录中的 json 文件","status":"passed","title":"递归遍历子目录中的 json 文件","duration":1.2802999999999543,"failureMessages":[],"meta":{}},{"ancestorTitles":["loadDatapackFromZip"],"fullName":"loadDatapackFromZip 提取图片资产并统计 ignoredCount（图片不再计入忽略）","status":"passed","title":"提取图片资产并统计 ignoredCount（图片不再计入忽略）","duration":1.8132999999999697,"failureMessages":[],"meta":{}},{"ancestorTitles":["loadDatapackFromZip"],"fullName":"loadDatapackFromZip pics 列表字段并入 Datapack","status":"passed","title":"pics 列表字段并入 Datapack","duration":0.4087000000000103,"failureMessages":[],"meta":{}},{"ancestorTitles":["loadDatapackFromZip"],"fullName":"loadDatapackFromZip extras 分片合并，name/version 取首个出现的文件","status":"passed","title":"extras 分片合并，name/version 取首个出现的文件","duration":0.4396000000000413,"failureMessages":[],"meta":{}},{"ancestorTitles":["loadDatapackFromZip"],"fullName":"loadDatapackFromZip 仅含未知字段的对象文件报 ZipLoadError","status":"passed","title":"仅含未知字段的对象文件报 ZipLoadError","duration":1.6531999999999698,"failureMessages":[],"meta":{}},{"ancestorTitles":["loadDatapackFromZip"],"fullName":"loadDatapackFromZip 顶层为数组的文件报 ZipLoadError 并提示包装方式","status":"passed","title":"顶层为数组的文件报 ZipLoadError 并提示包装方式","duration":0.469600000000014,"failureMessages":[],"meta":{}},{"ancestorTitles":["loadDatapackFromZip"],"fullName":"loadDatapackFromZip 非法 JSON 报 ZipLoadError 并携带文件路径","status":"passed","title":"非法 JSON 报 ZipLoadError 并携带文件路径","duration":0.35890000000000555,"failureMessages":[],"meta":{}},{"ancestorTitles":["loadDatapackFromZip"],"fullName":"loadDatapackFromZip 列表字段非数组时报错","status":"passed","title":"列表字段非数组时报错","duration":0.4603999999999928,"failureMessages":[],"meta":{}},{"ancestorTitles":["loadDatapackFromZip"],"fullName":"loadDatapackFromZip 压缩包内没有任何 json 时报错","status":"passed","title":"压缩包内没有任何 json 时报错","duration":0.43770000000000664,"failureMessages":[],"meta":{}},{"ancestorTitles":["loadDatapackFromZipBuffer"],"fullName":"loadDatapackFromZipBuffer 从生成的 zip buffer 端到端加载","status":"passed","title":"从生成的 zip buffer 端到端加载","duration":3.282699999999977,"failureMessages":[],"meta":{}}],"startTime":1789054241919,"endTime":1789054241937.2827,"status":"passed","message":"","name":"C:/Users/15229/Documents/Obsidian Vault/1-项目/ACProgram/tests/data/zip-loader.test.ts"},{"assertionResults":[{"ancestorTitles":["§1 默认阶梯（bondDict）"],"fullName":"§1 默认阶梯（bondDict） 默认阶梯与蔚蓝档案参考表一致（抽查 1/10/50/100 级）","status":"passed","title":"默认阶梯与蔚蓝档案参考表一致（抽查 1/10/50/100 级）","duration":1.1288999999997031,"failureMessages":[],"meta":{}},{"ancestorTitles":["§1 默认阶梯（bondDict）"],"fullName":"§1 默认阶梯（bondDict） resolveAffectionConfig：未声明用默认；部分声明缺省字段补齐","status":"passed","title":"resolveAffectionConfig：未声明用默认；部分声明缺省字段补齐","duration":0.6795999999999367,"failureMessages":[],"meta":{}},{"ancestorTitles":["§1 默认阶梯（bondDict）"],"fullName":"§1 默认阶梯（bondDict） 星级锁：min(星级锁(stars), maxLevel)；星级越界取表尾；per-variant 覆盖优先","status":"passed","title":"星级锁：min(星级锁(stars), maxLevel)；星级越界取表尾；per-variant 覆盖优先","duration":0.24470000000019354,"failureMessages":[],"meta":{}},{"ancestorTitles":["§1 addAffectionExp 推演"],"fullName":"§1 addAffectionExp 推演 acquireCharacter 初始化好感 1 级 / 0 小值；未拥有拒绝","status":"passed","title":"acquireCharacter 初始化好感 1 级 / 0 小值；未拥有拒绝","duration":6.9158000000002176,"failureMessages":[],"meta":{}},{"ancestorTitles":["§1 addAffectionExp 推演"],"fullName":"§1 addAffectionExp 推演 阶梯边界：整级 / 跨级一次到位；cap 截断不保留溢出","status":"passed","title":"阶梯边界：整级 / 跨级一次到位；cap 截断不保留溢出","duration":1.4099999999998545,"failureMessages":[],"meta":{}},{"ancestorTitles":["§1 addAffectionExp 推演"],"fullName":"§1 addAffectionExp 推演 星级锁：5 星前锁 20；突破解锁；等级高于新 cap 时只升不降","status":"passed","title":"星级锁：5 星前锁 20；突破解锁；等级高于新 cap 时只升不降","duration":1.0546000000003914,"failureMessages":[],"meta":{}},{"ancestorTitles":["§1 addAffectionExp 推演"],"fullName":"§1 addAffectionExp 推演 save → load 往返保留 affectionLevel/affectionExp","status":"passed","title":"save → load 往返保留 affectionLevel/affectionExp","duration":2.2935999999999694,"failureMessages":[],"meta":{}},{"ancestorTitles":["§1 addAffectionExp 推演"],"fullName":"§1 addAffectionExp 推演 addAffectionExp effect 生效并发 affectionChanged（跨级）","status":"passed","title":"addAffectionExp effect 生效并发 affectionChanged（跨级）","duration":1.746900000000096,"failureMessages":[],"meta":{}},{"ancestorTitles":["§1 addAffectionExp 推演"],"fullName":"§1 addAffectionExp 推演 affectionLevel 条件：达标前后翻转；未拥有 → 0","status":"passed","title":"affectionLevel 条件：达标前后翻转；未拥有 → 0","duration":0.7943000000000211,"failureMessages":[],"meta":{}},{"ancestorTitles":["§2 轴 B：好感台阶剧情"],"fullName":"§2 轴 B：好感台阶剧情 好感未达标不入队；达标后推送队列顶；完结奖励入账跨级","status":"passed","title":"好感未达标不入队；达标后推送队列顶；完结奖励入账跨级","duration":4.049199999999928,"failureMessages":[],"meta":{}},{"ancestorTitles":["§2 轴 B：好感台阶剧情"],"fullName":"§2 轴 B：好感台阶剧情 多条同时达标按需求值升序逐条放出（并列按声明序）","status":"passed","title":"多条同时达标按需求值升序逐条放出（并列按声明序）","duration":1.2560000000003129,"failureMessages":[],"meta":{}},{"ancestorTitles":["§2 轴 B：好感台阶剧情"],"fullName":"§2 轴 B：好感台阶剧情 台阶退出随机抽取；队列空时点击发送回落日常闲聊","status":"passed","title":"台阶退出随机抽取；队列空时点击发送回落日常闲聊","duration":1.8346000000001368,"failureMessages":[],"meta":{}},{"ancestorTitles":["§2 轴 B：好感台阶剧情"],"fullName":"§2 轴 B：好感台阶剧情 readyStepCount = 就绪队列条数（未拥有 → 0；消费后递减）","status":"passed","title":"readyStepCount = 就绪队列条数（未拥有 → 0；消费后递减）","duration":0.8456999999998516,"failureMessages":[],"meta":{}},{"ancestorTitles":["§2 轴 B：好感台阶剧情"],"fullName":"§2 轴 B：好感台阶剧情 壁垒：其他角色对话空间与全局闲聊均抽不到台阶；完成前重复推送被拒","status":"passed","title":"壁垒：其他角色对话空间与全局闲聊均抽不到台阶；完成前重复推送被拒","duration":0.598700000000008,"failureMessages":[],"meta":{}},{"ancestorTitles":["§3 羁绊尾巴（pushAfterStory）"],"fullName":"§3 羁绊尾巴（pushAfterStory） 关联剧情完结后尾巴即入队；triggerTailPush 定向推送；播过即出队","status":"passed","title":"关联剧情完结后尾巴即入队；triggerTailPush 定向推送；播过即出队","duration":0.9807000000000698,"failureMessages":[],"meta":{}},{"ancestorTitles":["§3 羁绊尾巴（pushAfterStory）"],"fullName":"§3 羁绊尾巴（pushAfterStory） 尾巴强制优先于好感台阶（队列顶先尾巴，其后按需求值）","status":"passed","title":"尾巴强制优先于好感台阶（队列顶先尾巴，其后按需求值）","duration":1.0122999999998683,"failureMessages":[],"meta":{}},{"ancestorTitles":["§3 羁绊尾巴（pushAfterStory）"],"fullName":"§3 羁绊尾巴（pushAfterStory） 尾巴退出随机抽取；owner 不匹配不触发","status":"passed","title":"尾巴退出随机抽取；owner 不匹配不触发","duration":1.1065999999996166,"failureMessages":[],"meta":{}}],"startTime":1789054239576,"endTime":1789054239604.1067,"status":"passed","message":"","name":"C:/Users/15229/Documents/Obsidian Vault/1-项目/ACProgram/tests/engine/affection-system.test.ts"},{"assertionResults":[{"ancestorTitles":["AffectorEngine"],"fullName":"AffectorEngine runtime change coalesces entry and state events for one recheck","status":"passed","title":"runtime change coalesces entry and state events for one recheck","duration":3.4624999999999773,"failureMessages":[],"meta":{}},{"ancestorTitles":["AffectorEngine"],"fullName":"AffectorEngine transitions from latent to active when condition is met","status":"passed","title":"transitions from latent to active when condition is met","duration":0.9370999999999867,"failureMessages":[],"meta":{}},{"ancestorTitles":["AffectorEngine"],"fullName":"AffectorEngine addResource grants once on Latent→Active edge, not while staying active","status":"passed","title":"addResource grants once on Latent→Active edge, not while staying active","duration":0.5640999999999963,"failureMessages":[],"meta":{}},{"ancestorTitles":["AffectorEngine"],"fullName":"AffectorEngine mount 即满足条件时立即发放；挂载后才有 state 才生效","status":"passed","title":"mount 即满足条件时立即发放；挂载后才有 state 才生效","duration":0.2828000000000088,"failureMessages":[],"meta":{}},{"ancestorTitles":["AffectorEngine"],"fullName":"AffectorEngine removed instances never reactivate","status":"passed","title":"removed instances never reactivate","duration":0.23099999999999454,"failureMessages":[],"meta":{}}],"startTime":1789054242339,"endTime":1789054242344.2827,"status":"passed","message":"","name":"C:/Users/15229/Documents/Obsidian Vault/1-项目/ACProgram/tests/engine/affector-engine.test.ts"},{"assertionResults":[{"ancestorTitles":["Affector effects/perTickEffects 双通道（Phase 4.3）"],"fullName":"Affector effects/perTickEffects 双通道（Phase 4.3） effects 中的 addItem 不再随每 tick 重复发放（旧陷阱回归）","status":"passed","title":"effects 中的 addItem 不再随每 tick 重复发放（旧陷阱回归）","duration":2.192800000000034,"failureMessages":[],"meta":{}},{"ancestorTitles":["Affector effects/perTickEffects 双通道（Phase 4.3）"],"fullName":"Affector effects/perTickEffects 双通道（Phase 4.3） 未声明 perTickEffects 时每 tick 无持续产出","status":"passed","title":"未声明 perTickEffects 时每 tick 无持续产出","duration":0.2885000000001128,"failureMessages":[],"meta":{}},{"ancestorTitles":["Affector mount 幂等（Phase 4.5）"],"fullName":"Affector mount 幂等（Phase 4.5） 重复挂载同一 pack@entity 只 recheck，激活沿不重复发放","status":"passed","title":"重复挂载同一 pack@entity 只 recheck，激活沿不重复发放","duration":0.26680000000010295,"failureMessages":[],"meta":{}},{"ancestorTitles":["reconcileMounts 状态对账（Phase 4.1/4.2）"],"fullName":"reconcileMounts 状态对账（Phase 4.1/4.2） 补挂：inventory / unlockedEnhancements 中的实体按需挂载并执行激活沿","status":"passed","title":"补挂：inventory / unlockedEnhancements 中的实体按需挂载并执行激活沿","duration":1.6696000000001732,"failureMessages":[],"meta":{}},{"ancestorTitles":["reconcileMounts 状态对账（Phase 4.1/4.2）"],"fullName":"reconcileMounts 状态对账（Phase 4.1/4.2） 卸载失效：物品移除后实例 Removed，其余保留","status":"passed","title":"卸载失效：物品移除后实例 Removed，其余保留","duration":0.9329999999999927,"failureMessages":[],"meta":{}},{"ancestorTitles":["reconcileMounts 状态对账（Phase 4.1/4.2）"],"fullName":"reconcileMounts 状态对账（Phase 4.1/4.2） Spot 功能：已解锁 Spot 的 linearYield 功能按级对账挂载","status":"passed","title":"Spot 功能：已解锁 Spot 的 linearYield 功能按级对账挂载","duration":0.5308999999999742,"failureMessages":[],"meta":{}},{"ancestorTitles":["存档往返恢复 Affector（Phase 4.1）"],"fullName":"存档往返恢复 Affector（Phase 4.1） 读档后 flows / zoneModifiers / 实例全部恢复","status":"passed","title":"读档后 flows / zoneModifiers / 实例全部恢复","duration":59.88069999999993,"failureMessages":[],"meta":{}}],"startTime":1789054240317,"endTime":1789054240382.8806,"status":"passed","message":"","name":"C:/Users/15229/Documents/Obsidian Vault/1-项目/ACProgram/tests/engine/affector-reconcile.test.ts"},{"assertionResults":[{"ancestorTitles":["describeEffect 全 op 覆盖"],"fullName":"describeEffect 全 op 覆盖 资源类","status":"passed","title":"资源类","duration":1.489500000000021,"failureMessages":[],"meta":{}},{"ancestorTitles":["describeEffect 全 op 覆盖"],"fullName":"describeEffect 全 op 覆盖 设施与经理","status":"passed","title":"设施与经理","duration":0.28450000000003683,"failureMessages":[],"meta":{}},{"ancestorTitles":["describeEffect 全 op 覆盖"],"fullName":"describeEffect 全 op 覆盖 获取/解锁/剧情/标记/掉落/移动","status":"passed","title":"获取/解锁/剧情/标记/掉落/移动","duration":0.27760000000000673,"failureMessages":[],"meta":{}},{"ancestorTitles":["describeEffect 全 op 覆盖"],"fullName":"describeEffect 全 op 覆盖 Extra 类（字面量与结构化值）","status":"passed","title":"Extra 类（字面量与结构化值）","duration":0.25869999999997617,"failureMessages":[],"meta":{}},{"ancestorTitles":["describeValueExpression / describeExtraValue"],"fullName":"describeValueExpression / describeExtraValue const 与 mul 组合","status":"passed","title":"const 与 mul 组合","duration":0.23960000000005266,"failureMessages":[],"meta":{}},{"ancestorTitles":["describeValueExpression / describeExtraValue"],"fullName":"describeValueExpression / describeExtraValue 各 Value source 的可读名","status":"passed","title":"各 Value source 的可读名","duration":0.334699999999998,"failureMessages":[],"meta":{}},{"ancestorTitles":["describeAffectorEntry / describeAffectorPack"],"fullName":"describeAffectorEntry / describeAffectorPack 条件前缀与多效果拼接；无条件无前缀","status":"passed","title":"条件前缀与多效果拼接；无条件无前缀","duration":0.5016999999999712,"failureMessages":[],"meta":{}},{"ancestorTitles":["describeAffectorEntry / describeAffectorPack"],"fullName":"describeAffectorEntry / describeAffectorPack flows 渲染为每 Tick 持续产出","status":"passed","title":"flows 渲染为每 Tick 持续产出","duration":0.17210000000000036,"failureMessages":[],"meta":{}},{"ancestorTitles":["describeAffectorEntry / describeAffectorPack"],"fullName":"describeAffectorEntry / describeAffectorPack 空效果 entry 显示占位；pack 输出逐行","status":"passed","title":"空效果 entry 显示占位；pack 输出逐行","duration":0.872600000000034,"failureMessages":[],"meta":{}}],"startTime":1789054241445,"endTime":1789054241449.8726,"status":"passed","message":"","name":"C:/Users/15229/Documents/Obsidian Vault/1-项目/ACProgram/tests/engine/affector-text.test.ts"},{"assertionResults":[{"ancestorTitles":["AffectorEngine：内联 AffectorPackRef 挂载"],"fullName":"AffectorEngine：内联 AffectorPackRef 挂载 mount 内联 pack（带 id）注册并可查询","status":"passed","title":"mount 内联 pack（带 id）注册并可查询","duration":2.038499999999999,"failureMessages":[],"meta":{}},{"ancestorTitles":["AffectorEngine：内联 AffectorPackRef 挂载"],"fullName":"AffectorEngine：内联 AffectorPackRef 挂载 mount 内联 pack（无 id）派生稳定身份且可复现","status":"passed","title":"mount 内联 pack（无 id）派生稳定身份且可复现","duration":0.5036999999999807,"failureMessages":[],"meta":{}},{"ancestorTitles":["AffectorEngine：内联 AffectorPackRef 挂载"],"fullName":"AffectorEngine：内联 AffectorPackRef 挂载 内联 pack 可卸载，unmount 后不再 active","status":"passed","title":"内联 pack 可卸载，unmount 后不再 active","duration":0.3544000000000551,"failureMessages":[],"meta":{}},{"ancestorTitles":["AffectorEngine：多 Datapack 合并（后加载优先）"],"fullName":"AffectorEngine：多 Datapack 合并（后加载优先） load 多次叠加保留全部包，后加载同名 id 覆盖","status":"passed","title":"load 多次叠加保留全部包，后加载同名 id 覆盖","duration":0.27139999999997144,"failureMessages":[],"meta":{}},{"ancestorTitles":["AffectorEngine：多 Datapack 合并（后加载优先）"],"fullName":"AffectorEngine：多 Datapack 合并（后加载优先） clear 清空全部注册（整体替换数据包语义）","status":"passed","title":"clear 清空全部注册（整体替换数据包语义）","duration":0.14769999999998618,"failureMessages":[],"meta":{}},{"ancestorTitles":["GameInstance：enhancement 内联 affectorPackIds 生命周期"],"fullName":"GameInstance：enhancement 内联 affectorPackIds 生命周期 获得携带内联 pack 的 enhancement → 挂载；移除 → 卸载","status":"passed","title":"获得携带内联 pack 的 enhancement → 挂载；移除 → 卸载","duration":17.900999999999954,"failureMessages":[],"meta":{}},{"ancestorTitles":["GameInstance：enhancement 内联 affectorPackIds 生命周期"],"fullName":"GameInstance：enhancement 内联 affectorPackIds 生命周期 内联 pack 的 zoneModifiers 经桥接写入区效果，移除后按 source 撤销","status":"passed","title":"内联 pack 的 zoneModifiers 经桥接写入区效果，移除后按 source 撤销","duration":7.030899999999974,"failureMessages":[],"meta":{}},{"ancestorTitles":["GameInstance：匿名 Trigger（缺省 id）"],"fullName":"GameInstance：匿名 Trigger（缺省 id） 匿名 Trigger 触发后 once 完成记录为派生 id，重复挂载不再触发","status":"passed","title":"匿名 Trigger 触发后 once 完成记录为派生 id，重复挂载不再触发","duration":9.61629999999991,"failureMessages":[],"meta":{}},{"ancestorTitles":["GameInstance：匿名 Trigger（缺省 id）"],"fullName":"GameInstance：匿名 Trigger（缺省 id） 匿名 Trigger 存档存读后 once 状态复现（不重复触发）","status":"passed","title":"匿名 Trigger 存档存读后 once 状态复现（不重复触发）","duration":27.77819999999997,"failureMessages":[],"meta":{}}],"startTime":1789054240315,"endTime":1789054240380.7783,"status":"passed","message":"","name":"C:/Users/15229/Documents/Obsidian Vault/1-项目/ACProgram/tests/engine/anonymous-affector-trigger.test.ts"},{"assertionResults":[{"ancestorTitles":["AronaClickerRuntime PackManager 接线"],"fullName":"AronaClickerRuntime PackManager 接线 base 作为内置数据包进入包库并始终参与启用集","status":"passed","title":"base 作为内置数据包进入包库并始终参与启用集","duration":5.264699999999948,"failureMessages":[],"meta":{}},{"ancestorTitles":["AronaClickerRuntime PackManager 接线"],"fullName":"AronaClickerRuntime PackManager 接线 未启用包可从包库移除；已启用包、内置包与未知包被拒绝","status":"passed","title":"未启用包可从包库移除；已启用包、内置包与未知包被拒绝","duration":13.098400000000083,"failureMessages":[],"meta":{}},{"ancestorTitles":["AronaClickerRuntime PackManager 接线"],"fullName":"AronaClickerRuntime PackManager 接线 默认启动通过启用集加载 base，而不是绕过 PackManager","status":"passed","title":"默认启动通过启用集加载 base，而不是绕过 PackManager","duration":5.139999999999986,"failureMessages":[],"meta":{}},{"ancestorTitles":["AronaClickerRuntime PackManager 接线"],"fullName":"AronaClickerRuntime PackManager 接线 默认产品包包含卡池所引用的角色差分","status":"passed","title":"默认产品包包含卡池所引用的角色差分","duration":10.513599999999997,"failureMessages":[],"meta":{}},{"ancestorTitles":["AronaClickerRuntime PackManager 接线"],"fullName":"AronaClickerRuntime PackManager 接线 登记并应用启用包到 reload 与图片资源","status":"passed","title":"登记并应用启用包到 reload 与图片资源","duration":5.70920000000001,"failureMessages":[],"meta":{}},{"ancestorTitles":["AronaClickerRuntime PackManager 接线"],"fullName":"AronaClickerRuntime PackManager 接线 支持异步恢复与保存包库快照","status":"passed","title":"支持异步恢复与保存包库快照","duration":5.953399999999988,"failureMessages":[],"meta":{}}],"startTime":1789054243402,"endTime":1789054243447.9534,"status":"passed","message":"","name":"C:/Users/15229/Documents/Obsidian Vault/1-项目/ACProgram/tests/engine/arona-runtime-pack.test.ts"},{"assertionResults":[{"ancestorTitles":["resolveAvatarColors"],"fullName":"resolveAvatarColors solid 取 1 色，不足补 #888","status":"passed","title":"solid 取 1 色，不足补 #888","duration":1.4458000000000197,"failureMessages":[],"meta":{}},{"ancestorTitles":["resolveAvatarColors"],"fullName":"resolveAvatarColors gradient/duotone/radial 取 2 色，不足补 #888","status":"passed","title":"gradient/duotone/radial 取 2 色，不足补 #888","duration":0.49179999999995516,"failureMessages":[],"meta":{}},{"ancestorTitles":["resolveAvatarColors"],"fullName":"resolveAvatarColors pie 按传入数量，下限 1 色","status":"passed","title":"pie 按传入数量，下限 1 色","duration":0.15300000000002,"failureMessages":[],"meta":{}},{"ancestorTitles":["avatarColorCount"],"fullName":"avatarColorCount solid=1, gradient=2, duotone=2, radial=2, pie=可变","status":"passed","title":"solid=1, gradient=2, duotone=2, radial=2, pie=可变","duration":0.2644000000000233,"failureMessages":[],"meta":{}},{"ancestorTitles":["renderAvatarSvg"],"fullName":"renderAvatarSvg solid: 单色圆","status":"passed","title":"solid: 单色圆","duration":0.3322000000000003,"failureMessages":[],"meta":{}},{"ancestorTitles":["renderAvatarSvg"],"fullName":"renderAvatarSvg gradient: 线性渐变","status":"passed","title":"gradient: 线性渐变","duration":0.18240000000002965,"failureMessages":[],"meta":{}},{"ancestorTitles":["renderAvatarSvg"],"fullName":"renderAvatarSvg duotone: 主色圆 + 阴影椭圆","status":"passed","title":"duotone: 主色圆 + 阴影椭圆","duration":0.16609999999997171,"failureMessages":[],"meta":{}},{"ancestorTitles":["renderAvatarSvg"],"fullName":"renderAvatarSvg pie: 饼图分区","status":"passed","title":"pie: 饼图分区","duration":0.8188000000000102,"failureMessages":[],"meta":{}},{"ancestorTitles":["renderAvatarSvg"],"fullName":"renderAvatarSvg radial: 径向渐变","status":"passed","title":"radial: 径向渐变","duration":0.1636999999999489,"failureMessages":[],"meta":{}},{"ancestorTitles":["renderAvatarSvg"],"fullName":"renderAvatarSvg size 参数控制输出尺寸","status":"passed","title":"size 参数控制输出尺寸","duration":0.12189999999998236,"failureMessages":[],"meta":{}},{"ancestorTitles":["renderAvatarSvg"],"fullName":"renderAvatarSvg 空 colors 数组用占位灰","status":"passed","title":"空 colors 数组用占位灰","duration":0.08490000000000464,"failureMessages":[],"meta":{}}],"startTime":1789054244126,"endTime":1789054244131.085,"status":"passed","message":"","name":"C:/Users/15229/Documents/Obsidian Vault/1-项目/ACProgram/tests/engine/avatar-renderer.test.ts"},{"assertionResults":[{"ancestorTitles":["availability（A-01 ~ A-05）"],"fullName":"availability（A-01 ~ A-05） A-01 限定池独占：关闭前可抽、关闭后从任何池消失；直发授予不受限","status":"passed","title":"A-01 限定池独占：关闭前可抽、关闭后从任何池消失；直发授予不受限","duration":9.063200000000052,"failureMessages":[],"meta":{}},{"ancestorTitles":["availability（A-01 ~ A-05）"],"fullName":"availability（A-01 ~ A-05） A-02 closeWhen 满足 → 成员并入世界 Pool（幂等）","status":"passed","title":"A-02 closeWhen 满足 → 成员并入世界 Pool（幂等）","duration":1.1850000000000023,"failureMessages":[],"meta":{}},{"ancestorTitles":["availability（A-01 ~ A-05）"],"fullName":"availability（A-01 ~ A-05） A-03 世界 Pool 查询 + 常驻池可抽到常驻角色","status":"passed","title":"A-03 世界 Pool 查询 + 常驻池可抽到常驻角色","duration":0.9444000000000301,"failureMessages":[],"meta":{}},{"ancestorTitles":["availability（A-01 ~ A-05）"],"fullName":"availability（A-01 ~ A-05） A-04 未入任何池的角色不可被任何渠道抽到","status":"passed","title":"A-04 未入任何池的角色不可被任何渠道抽到","duration":0.6663000000000352,"failureMessages":[],"meta":{}},{"ancestorTitles":["availability（A-01 ~ A-05）"],"fullName":"availability（A-01 ~ A-05） A-05 卡池引用未知差分 → 加载期报错","status":"passed","title":"A-05 卡池引用未知差分 → 加载期报错","duration":1.4669000000000096,"failureMessages":[],"meta":{}},{"ancestorTitles":["availability（A-01 ~ A-05）"],"fullName":"availability（A-01 ~ A-05） 已关闭限定池 roll 拒绝","status":"passed","title":"已关闭限定池 roll 拒绝","duration":1.0480000000000018,"failureMessages":[],"meta":{}}],"startTime":1789054243244,"endTime":1789054243259.048,"status":"passed","message":"","name":"C:/Users/15229/Documents/Obsidian Vault/1-项目/ACProgram/tests/engine/character-availability.test.ts"},{"assertionResults":[{"ancestorTitles":["F-02：characterBonuses 废弃"],"fullName":"F-02：characterBonuses 废弃 携带旧表时 devLog 警告且不生效","status":"passed","title":"携带旧表时 devLog 警告且不生效","duration":19.06959999999998,"failureMessages":[],"meta":{}},{"ancestorTitles":["grantCharacter Effect"],"fullName":"grantCharacter Effect applyEffect 经统一入口获得差分（重复自动转碎片）","status":"passed","title":"applyEffect 经统一入口获得差分（重复自动转碎片）","duration":7.155099999999948,"failureMessages":[],"meta":{}},{"ancestorTitles":["grantCharacter Effect"],"fullName":"grantCharacter Effect 未知差分抛错","status":"passed","title":"未知差分抛错","duration":6.37379999999996,"failureMessages":[],"meta":{}},{"ancestorTitles":["base 数据包 Character 重构内容冒烟"],"fullName":"base 数据包 Character 重构内容冒烟 变体/曲线/色彩/卡池/好感台阶全部加载","status":"passed","title":"变体/曲线/色彩/卡池/好感台阶全部加载","duration":4.768799999999942,"failureMessages":[],"meta":{}},{"ancestorTitles":["base 数据包 Character 重构内容冒烟"],"fullName":"base 数据包 Character 重构内容冒烟 卡池引用完整性通过（validateCharacterRefs 已在 init 执行）","status":"passed","title":"卡池引用完整性通过（validateCharacterRefs 已在 init 执行）","duration":7.675700000000006,"failureMessages":[],"meta":{}},{"ancestorTitles":["base 数据包 Character 重构内容冒烟"],"fullName":"base 数据包 Character 重构内容冒烟 端到端：抽卡 → 获得差分 → 培养 → 色彩解锁 → 主题激活","status":"passed","title":"端到端：抽卡 → 获得差分 → 培养 → 色彩解锁 → 主题激活","duration":10.232600000000048,"failureMessages":[],"meta":{}}],"startTime":1789054243676,"endTime":1789054243731.2327,"status":"passed","message":"","name":"C:/Users/15229/Documents/Obsidian Vault/1-项目/ACProgram/tests/engine/character-freeze.test.ts"},{"assertionResults":[{"ancestorTitles":["characterScopeOf 缺省值（PS-01）"],"fullName":"characterScopeOf 缺省值（PS-01） 未配置：roster/gacha/equips=global，chatRead=init","status":"passed","title":"未配置：roster/gacha/equips=global，chatRead=init","duration":6.873199999999997,"failureMessages":[],"meta":{}},{"ancestorTitles":["快照归属行为（PS-02 ~ PS-04）"],"fullName":"快照归属行为（PS-02 ~ PS-04） 默认（roster=global, chatRead=init）：软重启 roster 保留、chatRead 清空且不进快照","status":"passed","title":"默认（roster=global, chatRead=init）：软重启 roster 保留、chatRead 清空且不进快照","duration":3.843400000000031,"failureMessages":[],"meta":{}},{"ancestorTitles":["快照归属行为（PS-02 ~ PS-04）"],"fullName":"快照归属行为（PS-02 ~ PS-04） 声明 roster=init / chatRead=global：行为按声明翻转","status":"passed","title":"声明 roster=init / chatRead=global：行为按声明翻转","duration":1.234899999999982,"failureMessages":[],"meta":{}},{"ancestorTitles":["快照归属行为（PS-02 ~ PS-04）"],"fullName":"快照归属行为（PS-02 ~ PS-04） PS-06 gacha=global 时软重启保留 pity 计数","status":"passed","title":"PS-06 gacha=global 时软重启保留 pity 计数","duration":0.8211000000000013,"failureMessages":[],"meta":{}},{"ancestorTitles":["快照归属行为（PS-02 ~ PS-04）"],"fullName":"快照归属行为（PS-02 ~ PS-04） PS-04 快照往返内容一致","status":"passed","title":"PS-04 快照往返内容一致","duration":1.2498999999999683,"failureMessages":[],"meta":{}},{"ancestorTitles":["非法归属配置 fail-fast（PS-05）"],"fullName":"非法归属配置 fail-fast（PS-05） characterPersistConfig 含非法值 → RegistryError","status":"passed","title":"characterPersistConfig 含非法值 → RegistryError","duration":1.2785000000000082,"failureMessages":[],"meta":{}}],"startTime":1789054242964,"endTime":1789054242980.2786,"status":"passed","message":"","name":"C:/Users/15229/Documents/Obsidian Vault/1-项目/ACProgram/tests/engine/character-persist.test.ts"},{"assertionResults":[{"ancestorTitles":["characterProfile（chara 声明层）"],"fullName":"characterProfile（chara 声明层） base 数据包：Hoshino 取声明 name 表 + 解析后的头像 URL","status":"passed","title":"base 数据包：Hoshino 取声明 name 表 + 解析后的头像 URL","duration":19.36590000000001,"failureMessages":[],"meta":{}},{"ancestorTitles":["characterProfile（chara 声明层）"],"fullName":"characterProfile（chara 声明层） 未声明 profile 的角色回退原型表 / 兜底","status":"passed","title":"未声明 profile 的角色回退原型表 / 兜底","duration":5.208299999999895,"failureMessages":[],"meta":{}},{"ancestorTitles":["characterProfile（chara 声明层）"],"fullName":"characterProfile（chara 声明层） charaNames / charaAvatars 暴露表","status":"passed","title":"charaNames / charaAvatars 暴露表","duration":5.5149000000000115,"failureMessages":[],"meta":{}},{"ancestorTitles":["characterProfile（玩家覆写层）"],"fullName":"characterProfile（玩家覆写层） setCharaProfile 表内选 nameId/avatarId → player 层","status":"passed","title":"setCharaProfile 表内选 nameId/avatarId → player 层","duration":4.716499999999996,"failureMessages":[],"meta":{}},{"ancestorTitles":["characterProfile（玩家覆写层）"],"fullName":"characterProfile（玩家覆写层） setCharaProfile 完全自定义 name/avatar → 优先于表","status":"passed","title":"setCharaProfile 完全自定义 name/avatar → 优先于表","duration":6.186999999999898,"failureMessages":[],"meta":{}},{"ancestorTitles":["characterProfile（玩家覆写层）"],"fullName":"characterProfile（玩家覆写层） clearCharaProfile 回到声明层","status":"passed","title":"clearCharaProfile 回到声明层","duration":3.722500000000082,"failureMessages":[],"meta":{}},{"ancestorTitles":["characterProfile（调用点覆写层）"],"fullName":"characterProfile（调用点覆写层） overrides 优先于 player 与 declared，且不落盘","status":"passed","title":"overrides 优先于 player 与 declared，且不落盘","duration":4.338700000000017,"failureMessages":[],"meta":{}},{"ancestorTitles":["characterProfile（调用点覆写层）"],"fullName":"characterProfile（调用点覆写层） overrides.avatar 经 PicDef 解析","status":"passed","title":"overrides.avatar 经 PicDef 解析","duration":3.6038999999999533,"failureMessages":[],"meta":{}},{"ancestorTitles":["Registry charaProfiles 校验"],"fullName":"Registry charaProfiles 校验 name 表为空 → RegistryError","status":"passed","title":"name 表为空 → RegistryError","duration":0.4836999999999989,"failureMessages":[],"meta":{}},{"ancestorTitles":["Registry charaProfiles 校验"],"fullName":"Registry charaProfiles 校验 activeName 不在表 → RegistryError","status":"passed","title":"activeName 不在表 → RegistryError","duration":0.7644999999999982,"failureMessages":[],"meta":{}},{"ancestorTitles":["Registry charaProfiles 校验"],"fullName":"Registry charaProfiles 校验 avatar 持有裸 URL（非 PicId）→ RegistryError","status":"passed","title":"avatar 持有裸 URL（非 PicId）→ RegistryError","duration":0.4116999999999962,"failureMessages":[],"meta":{}}],"startTime":1789054242464,"endTime":1789054242519.4116,"status":"passed","message":"","name":"C:/Users/15229/Documents/Obsidian Vault/1-项目/ACProgram/tests/engine/character-profile.test.ts"},{"assertionResults":[{"ancestorTitles":["CharacterSystem（原型元数据）"],"fullName":"CharacterSystem（原型元数据） should load and retrieve character data","status":"passed","title":"should load and retrieve character data","duration":1.1988000000000056,"failureMessages":[],"meta":{}},{"ancestorTitles":["CharacterSystem（原型元数据）"],"fullName":"CharacterSystem（原型元数据） should return undefined for unknown character","status":"passed","title":"should return undefined for unknown character","duration":0.17980000000000018,"failureMessages":[],"meta":{}},{"ancestorTitles":["CharacterSystem（原型元数据）"],"fullName":"CharacterSystem（原型元数据） should check character existence","status":"passed","title":"should check character existence","duration":0.17409999999995307,"failureMessages":[],"meta":{}},{"ancestorTitles":["CharacterSystem（原型元数据）"],"fullName":"CharacterSystem（原型元数据） should get all characters","status":"passed","title":"should get all characters","duration":0.686300000000017,"failureMessages":[],"meta":{}},{"ancestorTitles":["CharacterSystem（原型元数据）"],"fullName":"CharacterSystem（原型元数据） should filter by school","status":"passed","title":"should filter by school","duration":0.6794999999999618,"failureMessages":[],"meta":{}},{"ancestorTitles":["CharacterSystem（原型元数据）"],"fullName":"CharacterSystem（原型元数据） should filter by rarity","status":"passed","title":"should filter by rarity","duration":0.27899999999999636,"failureMessages":[],"meta":{}},{"ancestorTitles":["CharacterSystem（原型元数据）"],"fullName":"CharacterSystem（原型元数据） should clear all data","status":"passed","title":"should clear all data","duration":0.2178000000000111,"failureMessages":[],"meta":{}},{"ancestorTitles":["CharacterSystem 解锁（F-04：roster 单一真相来源）"],"fullName":"CharacterSystem 解锁（F-04：roster 单一真相来源） 拥有任一差分即解锁其原型","status":"passed","title":"拥有任一差分即解锁其原型","duration":0.5168999999999642,"failureMessages":[],"meta":{}},{"ancestorTitles":["CharacterSystem 解锁（F-04：roster 单一真相来源）"],"fullName":"CharacterSystem 解锁（F-04：roster 单一真相来源） 同原型的差分共享解锁","status":"passed","title":"同原型的差分共享解锁","duration":0.1623000000000161,"failureMessages":[],"meta":{}},{"ancestorTitles":["CharacterSystem 解锁（F-04：roster 单一真相来源）"],"fullName":"CharacterSystem 解锁（F-04：roster 单一真相来源） 旧 flag / manager 分配协议不再触发解锁（冻结）","status":"passed","title":"旧 flag / manager 分配协议不再触发解锁（冻结）","duration":0.1734000000000151,"failureMessages":[],"meta":{}},{"ancestorTitles":["CharacterSystem 解锁（F-04：roster 单一真相来源）"],"fullName":"CharacterSystem 解锁（F-04：roster 单一真相来源） countSchoolMembers 按 roster 统计","status":"passed","title":"countSchoolMembers 按 roster 统计","duration":0.15780000000000882,"failureMessages":[],"meta":{}},{"ancestorTitles":["CharacterSystem 解锁（F-04：roster 单一真相来源）"],"fullName":"CharacterSystem 解锁（F-04：roster 单一真相来源） None 永不解锁","status":"passed","title":"None 永不解锁","duration":0.12450000000001182,"failureMessages":[],"meta":{}}],"startTime":1789054242835,"endTime":1789054242840.1733,"status":"passed","message":"","name":"C:/Users/15229/Documents/Obsidian Vault/1-项目/ACProgram/tests/engine/character-system.test.ts"},{"assertionResults":[{"ancestorTitles":["聊天流演出服务（clearAllChatFlow / showChatText / clearIdChatFlow）"],"fullName":"聊天流演出服务（clearAllChatFlow / showChatText / clearIdChatFlow） clearAllChatFlow → chatFlowCleared 事件，状态零写入","status":"passed","title":"clearAllChatFlow → chatFlowCleared 事件，状态零写入","duration":20.17749999999978,"failureMessages":[],"meta":{}},{"ancestorTitles":["聊天流演出服务（clearAllChatFlow / showChatText / clearIdChatFlow）"],"fullName":"聊天流演出服务（clearAllChatFlow / showChatText / clearIdChatFlow） showChatText → chatTextShown（id/text/x/y/align 透传），状态零写入","status":"passed","title":"showChatText → chatTextShown（id/text/x/y/align 透传），状态零写入","duration":5.815900000000056,"failureMessages":[],"meta":{}},{"ancestorTitles":["聊天流演出服务（clearAllChatFlow / showChatText / clearIdChatFlow）"],"fullName":"聊天流演出服务（clearAllChatFlow / showChatText / clearIdChatFlow） clearIdChatFlow → chatTextCleared（id 透传）","status":"passed","title":"clearIdChatFlow → chatTextCleared（id 透传）","duration":4.610300000000279,"failureMessages":[],"meta":{}},{"ancestorTitles":["聊天流演出服务（clearAllChatFlow / showChatText / clearIdChatFlow）"],"fullName":"聊天流演出服务（clearAllChatFlow / showChatText / clearIdChatFlow） clearAllChatText → chatTextClearedAll，状态零写入","status":"passed","title":"clearAllChatText → chatTextClearedAll，状态零写入","duration":4.43769999999995,"failureMessages":[],"meta":{}},{"ancestorTitles":["聊天流演出服务（clearAllChatFlow / showChatText / clearIdChatFlow）"],"fullName":"聊天流演出服务（clearAllChatFlow / showChatText / clearIdChatFlow） showOpeningTitle → openingTitleShown（value 标题透传；空值省略 title），状态零写入","status":"passed","title":"showOpeningTitle → openingTitleShown（value 标题透传；空值省略 title），状态零写入","duration":5.290399999999863,"failureMessages":[],"meta":{}},{"ancestorTitles":["聊天流演出服务（clearAllChatFlow / showChatText / clearIdChatFlow）"],"fullName":"聊天流演出服务（clearAllChatFlow / showChatText / clearIdChatFlow） ChatFlowService.showOpeningTitle 直接调用即发 openingTitleShown","status":"passed","title":"ChatFlowService.showOpeningTitle 直接调用即发 openingTitleShown","duration":5.480699999999615,"failureMessages":[],"meta":{}},{"ancestorTitles":["聊天流演出服务（clearAllChatFlow / showChatText / clearIdChatFlow）"],"fullName":"聊天流演出服务（clearAllChatFlow / showChatText / clearIdChatFlow） 端到端：Talklet 播放推进时按序转发三种事件","status":"passed","title":"端到端：Talklet 播放推进时按序转发三种事件","duration":5.921899999999823,"failureMessages":[],"meta":{}},{"ancestorTitles":["聊天流演出服务（clearAllChatFlow / showChatText / clearIdChatFlow）"],"fullName":"聊天流演出服务（clearAllChatFlow / showChatText / clearIdChatFlow） 首页 showOpeningTitle 随剧情开始立即呼出（无需先推进），推进离开首页不重复","status":"passed","title":"首页 showOpeningTitle 随剧情开始立即呼出（无需先推进），推进离开首页不重复","duration":4.328199999999924,"failureMessages":[],"meta":{}},{"ancestorTitles":["聊天流演出服务（clearAllChatFlow / showChatText / clearIdChatFlow）"],"fullName":"聊天流演出服务（clearAllChatFlow / showChatText / clearIdChatFlow） 卡片入口对已完结剧情 = goto 重开：成功、分支可探索、不重复发放奖励","status":"passed","title":"卡片入口对已完结剧情 = goto 重开：成功、分支可探索、不重复发放奖励","duration":8.176699999999983,"failureMessages":[],"meta":{}},{"ancestorTitles":["聊天流演出服务（clearAllChatFlow / showChatText / clearIdChatFlow）"],"fullName":"聊天流演出服务（clearAllChatFlow / showChatText / clearIdChatFlow） ChatFlowService 方法直接调用即发对应事件","status":"passed","title":"ChatFlowService 方法直接调用即发对应事件","duration":4.943700000000263,"failureMessages":[],"meta":{}},{"ancestorTitles":["聊天流演出服务（clearAllChatFlow / showChatText / clearIdChatFlow）"],"fullName":"聊天流演出服务（clearAllChatFlow / showChatText / clearIdChatFlow） showChatText 可嵌入标准 Talklet（talklet 优先于 text），事件透传完整字段","status":"passed","title":"showChatText 可嵌入标准 Talklet（talklet 优先于 text），事件透传完整字段","duration":4.788500000000113,"failureMessages":[],"meta":{}},{"ancestorTitles":["聊天流演出服务（clearAllChatFlow / showChatText / clearIdChatFlow）"],"fullName":"聊天流演出服务（clearAllChatFlow / showChatText / clearIdChatFlow） showChatText 样式覆写（font/color/background/backgroundColor）经事件透传","status":"passed","title":"showChatText 样式覆写（font/color/background/backgroundColor）经事件透传","duration":5.926899999999932,"failureMessages":[],"meta":{}},{"ancestorTitles":["聊天流演出服务（clearAllChatFlow / showChatText / clearIdChatFlow）"],"fullName":"聊天流演出服务（clearAllChatFlow / showChatText / clearIdChatFlow） kizuna 演出浮窗可实际导航：startCardStory 清空当前游标（goto 语义）后启动目标剧情","status":"passed","title":"kizuna 演出浮窗可实际导航：startCardStory 清空当前游标（goto 语义）后启动目标剧情","duration":5.371799999999894,"failureMessages":[],"meta":{}},{"ancestorTitles":["聊天流演出服务（clearAllChatFlow / showChatText / clearIdChatFlow）"],"fullName":"聊天流演出服务（clearAllChatFlow / showChatText / clearIdChatFlow） Story 完结默认触发 storyCompleted（UI 据此自动删除全部演出文本）","status":"passed","title":"Story 完结默认触发 storyCompleted（UI 据此自动删除全部演出文本）","duration":4.695299999999861,"failureMessages":[],"meta":{}},{"ancestorTitles":["聊天流演出服务（clearAllChatFlow / showChatText / clearIdChatFlow）"],"fullName":"聊天流演出服务（clearAllChatFlow / showChatText / clearIdChatFlow） 重读（replay）不触发 storyCompleted → 不默认清场","status":"passed","title":"重读（replay）不触发 storyCompleted → 不默认清场","duration":5.43119999999999,"failureMessages":[],"meta":{}},{"ancestorTitles":["聊天流演出服务（clearAllChatFlow / showChatText / clearIdChatFlow）"],"fullName":"聊天流演出服务（clearAllChatFlow / showChatText / clearIdChatFlow） base 主线「流剧场预演」：showChatText（含嵌入 talklet）/ clearIdChatFlow / clearAllChatFlow 按序触发","status":"passed","title":"base 主线「流剧场预演」：showChatText（含嵌入 talklet）/ clearIdChatFlow / clearAllChatFlow 按序触发","duration":17.67970000000014,"failureMessages":[],"meta":{}}],"startTime":1789054240349,"endTime":1789054240462.6797,"status":"passed","message":"","name":"C:/Users/15229/Documents/Obsidian Vault/1-项目/ACProgram/tests/engine/chat-flow-service.test.ts"},{"assertionResults":[{"ancestorTitles":["主题派生：不同数量/色相下自动构造完整 token"],"fullName":"主题派生：不同数量/色相下自动构造完整 token 派生 #ff5d8f 产出全部 7 个 token","status":"passed","title":"派生 #ff5d8f 产出全部 7 个 token","duration":2.570799999999963,"failureMessages":[],"meta":{}},{"ancestorTitles":["主题派生：不同数量/色相下自动构造完整 token"],"fullName":"主题派生：不同数量/色相下自动构造完整 token 派生 #10b981 产出全部 7 个 token","status":"passed","title":"派生 #10b981 产出全部 7 个 token","duration":0.6523000000000252,"failureMessages":[],"meta":{}},{"ancestorTitles":["主题派生：不同数量/色相下自动构造完整 token"],"fullName":"主题派生：不同数量/色相下自动构造完整 token 派生 #8b5cf6 产出全部 7 个 token","status":"passed","title":"派生 #8b5cf6 产出全部 7 个 token","duration":0.4048000000000229,"failureMessages":[],"meta":{}},{"ancestorTitles":["主题派生：不同数量/色相下自动构造完整 token"],"fullName":"主题派生：不同数量/色相下自动构造完整 token 派生 #f59e0b 产出全部 7 个 token","status":"passed","title":"派生 #f59e0b 产出全部 7 个 token","duration":0.4187999999999761,"failureMessages":[],"meta":{}},{"ancestorTitles":["主题派生：不同数量/色相下自动构造完整 token"],"fullName":"主题派生：不同数量/色相下自动构造完整 token 派生 #e11d48 产出全部 7 个 token","status":"passed","title":"派生 #e11d48 产出全部 7 个 token","duration":0.4112999999999829,"failureMessages":[],"meta":{}},{"ancestorTitles":["主题派生：不同数量/色相下自动构造完整 token"],"fullName":"主题派生：不同数量/色相下自动构造完整 token 派生 #14b8a6 产出全部 7 个 token","status":"passed","title":"派生 #14b8a6 产出全部 7 个 token","duration":0.273900000000026,"failureMessages":[],"meta":{}},{"ancestorTitles":["主题派生：不同数量/色相下自动构造完整 token"],"fullName":"主题派生：不同数量/色相下自动构造完整 token 派生 #6366f1 产出全部 7 个 token","status":"passed","title":"派生 #6366f1 产出全部 7 个 token","duration":0.220799999999997,"failureMessages":[],"meta":{}},{"ancestorTitles":["主题派生：不同数量/色相下自动构造完整 token"],"fullName":"主题派生：不同数量/色相下自动构造完整 token 派生 #38bdf8 产出全部 7 个 token","status":"passed","title":"派生 #38bdf8 产出全部 7 个 token","duration":0.20419999999995753,"failureMessages":[],"meta":{}},{"ancestorTitles":["主题派生：不同数量/色相下自动构造完整 token"],"fullName":"主题派生：不同数量/色相下自动构造完整 token 派生 #a3e635 产出全部 7 个 token","status":"passed","title":"派生 #a3e635 产出全部 7 个 token","duration":0.23340000000001737,"failureMessages":[],"meta":{}},{"ancestorTitles":["主题派生：不同数量/色相下自动构造完整 token"],"fullName":"主题派生：不同数量/色相下自动构造完整 token 派生 #1e3a5f 产出全部 7 个 token","status":"passed","title":"派生 #1e3a5f 产出全部 7 个 token","duration":0.27799999999996317,"failureMessages":[],"meta":{}},{"ancestorTitles":["主题派生：不同数量/色相下自动构造完整 token"],"fullName":"主题派生：不同数量/色相下自动构造完整 token 浅底分支：高明度 primary → text 偏深","status":"passed","title":"浅底分支：高明度 primary → text 偏深","duration":0.3371999999999957,"failureMessages":[],"meta":{}},{"ancestorTitles":["主题派生：不同数量/色相下自动构造完整 token"],"fullName":"主题派生：不同数量/色相下自动构造完整 token 深底分支：低明度 primary → text 偏浅","status":"passed","title":"深底分支：低明度 primary → text 偏浅","duration":0.13419999999996435,"failureMessages":[],"meta":{}},{"ancestorTitles":["主题派生：不同数量/色相下自动构造完整 token"],"fullName":"主题派生：不同数量/色相下自动构造完整 token 显式 theme 全量覆盖派生值","status":"passed","title":"显式 theme 全量覆盖派生值","duration":0.20760000000001355,"failureMessages":[],"meta":{}},{"ancestorTitles":["主题派生：不同数量/色相下自动构造完整 token"],"fullName":"主题派生：不同数量/色相下自动构造完整 token 背景 bg→bgAlt 取主色到邻近色的轻微渐变（bgAlt 色相偏移）","status":"passed","title":"背景 bg→bgAlt 取主色到邻近色的轻微渐变（bgAlt 色相偏移）","duration":0.10569999999995616,"failureMessages":[],"meta":{}},{"ancestorTitles":["主题派生：不同数量/色相下自动构造完整 token"],"fullName":"主题派生：不同数量/色相下自动构造完整 token bgAlt 相对主色真实偏移 +12°（回归：色相单位混用导致偏移为空操作）","status":"passed","title":"bgAlt 相对主色真实偏移 +12°（回归：色相单位混用导致偏移为空操作）","duration":0.4071999999999889,"failureMessages":[],"meta":{}},{"ancestorTitles":["主题派生：不同数量/色相下自动构造完整 token"],"fullName":"主题派生：不同数量/色相下自动构造完整 token 明亮主色不再被误判为深底：夏莱蓝/晴空/泳装/青柠 派生浅底而非近黑","status":"passed","title":"明亮主色不再被误判为深底：夏莱蓝/晴空/泳装/青柠 派生浅底而非近黑","duration":0.4422999999999888,"failureMessages":[],"meta":{}},{"ancestorTitles":["主题派生：不同数量/色相下自动构造完整 token"],"fullName":"主题派生：不同数量/色相下自动构造完整 token 中明度主色（翡翠/青碧/绯红/黄沙）也判定为明色","status":"passed","title":"中明度主色（翡翠/青碧/绯红/黄沙）也判定为明色","duration":0.29050000000000864,"failureMessages":[],"meta":{}},{"ancestorTitles":["主题派生：不同数量/色相下自动构造完整 token"],"fullName":"主题派生：不同数量/色相下自动构造完整 token 真深色主色（墨蓝）仍判定为深底","status":"passed","title":"真深色主色（墨蓝）仍判定为深底","duration":1.082899999999995,"failureMessages":[],"meta":{}},{"ancestorTitles":["主题派生：不同数量/色相下自动构造完整 token"],"fullName":"主题派生：不同数量/色相下自动构造完整 token 气泡左右底色不同，且各自文字色随底明度派生（亮底深字/暗底白字）","status":"passed","title":"气泡左右底色不同，且各自文字色随底明度派生（亮底深字/暗底白字）","duration":0.7411999999999921,"failureMessages":[],"meta":{}},{"ancestorTitles":["主题派生：不同数量/色相下自动构造完整 token"],"fullName":"主题派生：不同数量/色相下自动构造完整 token CT-04 对比度防呆：text/bg 对不足阈值时自动翻转","status":"passed","title":"CT-04 对比度防呆：text/bg 对不足阈值时自动翻转","duration":0.36669999999998026,"failureMessages":[],"meta":{}},{"ancestorTitles":["describeGroup：定义值 / 自动衍生值拆解（图鉴用）"],"fullName":"describeGroup：定义值 / 自动衍生值拆解（图鉴用） 仅给 primary（theme 缺省）→ 自动构造，且 primary 为主色位定义值","status":"passed","title":"仅给 primary（theme 缺省）→ 自动构造，且 primary 为主色位定义值","duration":0.49600000000003774,"failureMessages":[],"meta":{}},{"ancestorTitles":["describeGroup：定义值 / 自动衍生值拆解（图鉴用）"],"fullName":"describeGroup：定义值 / 自动衍生值拆解（图鉴用） 显式补充非 primary token → 已被定义","status":"passed","title":"显式补充非 primary token → 已被定义","duration":0.22939999999999827,"failureMessages":[],"meta":{}},{"ancestorTitles":["describeGroup：定义值 / 自动衍生值拆解（图鉴用）"],"fullName":"describeGroup：定义值 / 自动衍生值拆解（图鉴用） primary 原样透传（取自 theme.primary）","status":"passed","title":"primary 原样透传（取自 theme.primary）","duration":0.19700000000000273,"failureMessages":[],"meta":{}}],"startTime":1789054241000,"endTime":1789054241011.2295,"status":"passed","message":"","name":"C:/Users/15229/Documents/Obsidian Vault/1-项目/ACProgram/tests/engine/color-derive.test.ts"},{"assertionResults":[{"ancestorTitles":["色彩装备系统"],"fullName":"色彩装备系统 EQ-01 无条件装备 tryUnlock 直接收集并发事件","status":"passed","title":"EQ-01 无条件装备 tryUnlock 直接收集并发事件","duration":8.19780000000003,"failureMessages":[],"meta":{}},{"ancestorTitles":["色彩装备系统"],"fullName":"色彩装备系统 EQ-02 收集即级联解锁其引用的色彩组","status":"passed","title":"EQ-02 收集即级联解锁其引用的色彩组","duration":1.5021999999999593,"failureMessages":[],"meta":{}},{"ancestorTitles":["色彩装备系统"],"fullName":"色彩装备系统 EQ-03 条件不满足拒绝；条件满足后（recheck/主动）入库存","status":"passed","title":"EQ-03 条件不满足拒绝；条件满足后（recheck/主动）入库存","duration":0.8632000000000062,"failureMessages":[],"meta":{}},{"ancestorTitles":["色彩装备系统"],"fullName":"色彩装备系统 EQ-04 重复收集幂等：不重复入库存、不重复发事件","status":"passed","title":"EQ-04 重复收集幂等：不重复入库存、不重复发事件","duration":0.8136000000000081,"failureMessages":[],"meta":{}},{"ancestorTitles":["色彩装备系统"],"fullName":"色彩装备系统 EQ-05 单装备槽：可换装；未拥有 / 同装备拒绝","status":"passed","title":"EQ-05 单装备槽：可换装；未拥有 / 同装备拒绝","duration":0.8833999999999946,"failureMessages":[],"meta":{}},{"ancestorTitles":["色彩装备系统"],"fullName":"色彩装备系统 EQ-06 卸下后装备槽回 null","status":"passed","title":"EQ-06 卸下后装备槽回 null","duration":0.727800000000002,"failureMessages":[],"meta":{}},{"ancestorTitles":["色彩装备系统"],"fullName":"色彩装备系统 EQ-07 effectsOf 按 equippedEquipment 聚合，卸下后消失","status":"passed","title":"EQ-07 effectsOf 按 equippedEquipment 聚合，卸下后消失","duration":0.7326999999999657,"failureMessages":[],"meta":{}},{"ancestorTitles":["色彩装备系统"],"fullName":"色彩装备系统 EQ-08 groupOf / avatarColors 解析","status":"passed","title":"EQ-08 groupOf / avatarColors 解析","duration":0.9458999999999946,"failureMessages":[],"meta":{}},{"ancestorTitles":["色彩装备系统"],"fullName":"色彩装备系统 EQ-09 ownedEquipments / getDef / getAll","status":"passed","title":"EQ-09 ownedEquipments / getDef / getAll","duration":2.515699999999981,"failureMessages":[],"meta":{}},{"ancestorTitles":["色彩装备系统"],"fullName":"色彩装备系统 EQ-10 characterAcquired / flagChanged 自动 recheck 收集","status":"passed","title":"EQ-10 characterAcquired / flagChanged 自动 recheck 收集","duration":1.223700000000008,"failureMessages":[],"meta":{}}],"startTime":1789054240021,"endTime":1789054240040.2236,"status":"passed","message":"","name":"C:/Users/15229/Documents/Obsidian Vault/1-项目/ACProgram/tests/engine/color-equipment-system.test.ts"},{"assertionResults":[{"ancestorTitles":["色彩框架：HSL 派生（色相单位固定为度）"],"fullName":"色彩框架：HSL 派生（色相单位固定为度） CF-01 toHsl 输出度为单位的色相，hslCss 按度应用偏移","status":"passed","title":"CF-01 toHsl 输出度为单位的色相，hslCss 按度应用偏移","duration":2.296199999999999,"failureMessages":[],"meta":{}},{"ancestorTitles":["色彩框架：HSL 派生（色相单位固定为度）"],"fullName":"色彩框架：HSL 派生（色相单位固定为度） CF-02 adjustHsl 的倍数/绝对/夹取语义完整","status":"passed","title":"CF-02 adjustHsl 的倍数/绝对/夹取语义完整","duration":0.5708999999999946,"failureMessages":[],"meta":{}},{"ancestorTitles":["色彩框架：HSL 派生（色相单位固定为度）"],"fullName":"色彩框架：HSL 派生（色相单位固定为度） CF-03 formatHsl 输出形态与旧实现逐字一致","status":"passed","title":"CF-03 formatHsl 输出形态与旧实现逐字一致","duration":0.25190000000003465,"failureMessages":[],"meta":{}},{"ancestorTitles":["色彩框架：两套判定契约"],"fullName":"色彩框架：两套判定契约 CF-04 主题面契约用 HSL 明度（0.38），产出可按色相微染的深字","status":"passed","title":"CF-04 主题面契约用 HSL 明度（0.38），产出可按色相微染的深字","duration":0.9816999999999894,"failureMessages":[],"meta":{}},{"ancestorTitles":["色彩框架：两套判定契约"],"fullName":"色彩框架：两套判定契约 CF-05 背景文字契约用 WCAG 感知亮度（0.75），彩色底优先白字","status":"passed","title":"CF-05 背景文字契约用 WCAG 感知亮度（0.75），彩色底优先白字","duration":0.3499999999999659,"failureMessages":[],"meta":{}},{"ancestorTitles":["色彩框架：两套判定契约"],"fullName":"色彩框架：两套判定契约 CF-06 契约差异被固化：主题面判浅底的颜色，背景契约仍可能给白字","status":"passed","title":"CF-06 契约差异被固化：主题面判浅底的颜色，背景契约仍可能给白字","duration":0.17730000000000246,"failureMessages":[],"meta":{}},{"ancestorTitles":["色彩框架：两套判定契约"],"fullName":"色彩框架：两套判定契约 CF-07 WCAG 对比度为真实模型（不再对色相不敏感）","status":"passed","title":"CF-07 WCAG 对比度为真实模型（不再对色相不敏感）","duration":0.23599999999999,"failureMessages":[],"meta":{}},{"ancestorTitles":["色彩框架：序列化与合成"],"fullName":"色彩框架：序列化与合成 CF-08 rgbTriplet 输出与旧 hexToRgbTriplet 同形","status":"passed","title":"CF-08 rgbTriplet 输出与旧 hexToRgbTriplet 同形","duration":0.25430000000000064,"failureMessages":[],"meta":{}},{"ancestorTitles":["色彩框架：序列化与合成"],"fullName":"色彩框架：序列化与合成 CF-09 代表色：纯色取自身、渐变取光空间均值、url/无表 var 跳过","status":"passed","title":"CF-09 代表色：纯色取自身、渐变取光空间均值、url/无表 var 跳过","duration":0.7222000000000435,"failureMessages":[],"meta":{}},{"ancestorTitles":["色彩框架：序列化与合成"],"fullName":"色彩框架：序列化与合成 CF-10 mixLinear 与 compositeLayer 的 alpha/混合语义","status":"passed","title":"CF-10 mixLinear 与 compositeLayer 的 alpha/混合语义","duration":0.3728999999999587,"failureMessages":[],"meta":{}}],"startTime":1789054241637,"endTime":1789054241643.7222,"status":"passed","message":"","name":"C:/Users/15229/Documents/Obsidian Vault/1-项目/ACProgram/tests/engine/color-framework.test.ts"},{"assertionResults":[{"ancestorTitles":["色彩组在测试游戏(baseDatapack)内的解锁与激活链路"],"fullName":"色彩组在测试游戏(baseDatapack)内的解锁与激活链路 启动后色彩组库存为空（条件均未满足）","status":"passed","title":"启动后色彩组库存为空（条件均未满足）","duration":19.11029999999994,"failureMessages":[],"meta":{}},{"ancestorTitles":["色彩组在测试游戏(baseDatapack)内的解锁与激活链路"],"fullName":"色彩组在测试游戏(baseDatapack)内的解锁与激活链路 获得星野 → 自动解锁 hoshino 系全部色彩组(含泳装/墨蓝/黄沙)","status":"passed","title":"获得星野 → 自动解锁 hoshino 系全部色彩组(含泳装/墨蓝/黄沙)","duration":10.72569999999996,"failureMessages":[],"meta":{}},{"ancestorTitles":["色彩组在测试游戏(baseDatapack)内的解锁与激活链路"],"fullName":"色彩组在测试游戏(baseDatapack)内的解锁与激活链路 获得不同学生各自解锁对应色彩组","status":"passed","title":"获得不同学生各自解锁对应色彩组","duration":11.534599999999955,"failureMessages":[],"meta":{}},{"ancestorTitles":["色彩组在测试游戏(baseDatapack)内的解锁与激活链路"],"fullName":"色彩组在测试游戏(baseDatapack)内的解锁与激活链路 完成欢迎剧情(flag)解锁 flag 系色彩组(粉/青柠/珊瑚)","status":"passed","title":"完成欢迎剧情(flag)解锁 flag 系色彩组(粉/青柠/珊瑚)","duration":6.656900000000064,"failureMessages":[],"meta":{}},{"ancestorTitles":["色彩组在测试游戏(baseDatapack)内的解锁与激活链路"],"fullName":"色彩组在测试游戏(baseDatapack)内的解锁与激活链路 已拥有的色彩组均能通过 activeThemeTokens 生成完整 7-token","status":"passed","title":"已拥有的色彩组均能通过 activeThemeTokens 生成完整 7-token","duration":13.85710000000006,"failureMessages":[],"meta":{}},{"ancestorTitles":["色彩组在测试游戏(baseDatapack)内的解锁与激活链路"],"fullName":"色彩组在测试游戏(baseDatapack)内的解锁与激活链路 激活珊瑚(全量显式 theme) → token 取显式覆盖值","status":"passed","title":"激活珊瑚(全量显式 theme) → token 取显式覆盖值","duration":5.810400000000072,"failureMessages":[],"meta":{}}],"startTime":1789054244127,"endTime":1789054244194.8103,"status":"passed","message":"","name":"C:/Users/15229/Documents/Obsidian Vault/1-项目/ACProgram/tests/engine/color-ingame.test.ts"},{"assertionResults":[{"ancestorTitles":["CT 主题派生（纯函数）"],"fullName":"CT 主题派生（纯函数） CT-01 仅 primary → HSL 确定性派生全套 token","status":"passed","title":"CT-01 仅 primary → HSL 确定性派生全套 token","duration":3.067199999999957,"failureMessages":[],"meta":{}},{"ancestorTitles":["CT 主题派生（纯函数）"],"fullName":"CT 主题派生（纯函数） CT-02 显式多色配置覆盖派生值","status":"passed","title":"CT-02 显式多色配置覆盖派生值","duration":1.152900000000045,"failureMessages":[],"meta":{}},{"ancestorTitles":["CT 主题派生（纯函数）"],"fullName":"CT 主题派生（纯函数） CT-03 全量自定义：无派生介入","status":"passed","title":"CT-03 全量自定义：无派生介入","duration":0.384399999999971,"failureMessages":[],"meta":{}},{"ancestorTitles":["CT 主题派生（纯函数）"],"fullName":"CT 主题派生（纯函数） CT-04 对比度防呆：text/bg 不足阈值时翻转","status":"passed","title":"CT-04 对比度防呆：text/bg 不足阈值时翻转","duration":0.41620000000000346,"failureMessages":[],"meta":{}},{"ancestorTitles":["CL 色彩组获得与主题"],"fullName":"CL 色彩组获得与主题 CL-02 条件不满足拒绝；CL-08 protoStat 条件随统计即时判定","status":"passed","title":"CL-02 条件不满足拒绝；CL-08 protoStat 条件随统计即时判定","duration":6.320499999999981,"failureMessages":[],"meta":{}},{"ancestorTitles":["CL 色彩组获得与主题"],"fullName":"CL 色彩组获得与主题 CL-01 条件满足解锁入库存并发事件","status":"passed","title":"CL-01 条件满足解锁入库存并发事件","duration":1.9348999999999705,"failureMessages":[],"meta":{}},{"ancestorTitles":["CL 色彩组获得与主题"],"fullName":"CL 色彩组获得与主题 CL-03 重复解锁幂等：不重复入库存、不重复发事件","status":"passed","title":"CL-03 重复解锁幂等：不重复入库存、不重复发事件","duration":1.075400000000002,"failureMessages":[],"meta":{}},{"ancestorTitles":["CL 色彩组获得与主题"],"fullName":"CL 色彩组获得与主题 CL-05/06 激活主题全局单选，未拥有拒绝，切换只改 activeTheme","status":"passed","title":"CL-05/06 激活主题全局单选，未拥有拒绝，切换只改 activeTheme","duration":0.9466999999999643,"failureMessages":[],"meta":{}},{"ancestorTitles":["CL 色彩组获得与主题"],"fullName":"CL 色彩组获得与主题 activeThemeTokens 返回激活色彩组的最终 token 表","status":"passed","title":"activeThemeTokens 返回激活色彩组的最终 token 表","duration":0.8256000000000085,"failureMessages":[],"meta":{}},{"ancestorTitles":["CL 色彩组获得与主题"],"fullName":"CL 色彩组获得与主题 用户自定义主题是独立全局来源：切回色彩组后不再叠加自定义层且记录保留","status":"passed","title":"用户自定义主题是独立全局来源：切回色彩组后不再叠加自定义层且记录保留","duration":2.7223999999999933,"failureMessages":[],"meta":{}},{"ancestorTitles":["CL 色彩组获得与主题"],"fullName":"CL 色彩组获得与主题 可以从内置主题重新应用独立用户主题","status":"passed","title":"可以从内置主题重新应用独立用户主题","duration":1.158299999999997,"failureMessages":[],"meta":{}},{"ancestorTitles":["CL 色彩组获得与主题"],"fullName":"CL 色彩组获得与主题 切换主题会清理旧版全局 base 挂靠，但保留实体挂靠","status":"passed","title":"切换主题会清理旧版全局 base 挂靠，但保留实体挂靠","duration":0.6965000000000146,"failureMessages":[],"meta":{}},{"ancestorTitles":["CL 色彩组获得与主题"],"fullName":"CL 色彩组获得与主题 CL-09 获得变体经 characterAcquired 事件自动解锁满足条件色彩组","status":"passed","title":"CL-09 获得变体经 characterAcquired 事件自动解锁满足条件色彩组","duration":0.8257999999999583,"failureMessages":[],"meta":{}}],"startTime":1789054239545,"endTime":1789054239566.8257,"status":"passed","message":"","name":"C:/Users/15229/Documents/Obsidian Vault/1-项目/ACProgram/tests/engine/color-system.test.ts"},{"assertionResults":[{"ancestorTitles":["ConditionSystem"],"fullName":"ConditionSystem should evaluate resource condition ==","status":"passed","title":"should evaluate resource condition ==","duration":1.2583999999999946,"failureMessages":[],"meta":{}},{"ancestorTitles":["ConditionSystem"],"fullName":"ConditionSystem should evaluate resource condition >=","status":"passed","title":"should evaluate resource condition >=","duration":0.24869999999998527,"failureMessages":[],"meta":{}},{"ancestorTitles":["ConditionSystem"],"fullName":"ConditionSystem should evaluate resource condition <","status":"passed","title":"should evaluate resource condition <","duration":0.19890000000003738,"failureMessages":[],"meta":{}},{"ancestorTitles":["ConditionSystem"],"fullName":"ConditionSystem should evaluate spotLevel condition","status":"passed","title":"should evaluate spotLevel condition","duration":0.22280000000000655,"failureMessages":[],"meta":{}},{"ancestorTitles":["ConditionSystem"],"fullName":"ConditionSystem should evaluate hasEnh condition","status":"passed","title":"should evaluate hasEnh condition","duration":0.17140000000000555,"failureMessages":[],"meta":{}},{"ancestorTitles":["ConditionSystem"],"fullName":"ConditionSystem should evaluate flag condition","status":"passed","title":"should evaluate flag condition","duration":0.1852000000000089,"failureMessages":[],"meta":{}},{"ancestorTitles":["ConditionSystem"],"fullName":"ConditionSystem should evaluate AND group","status":"passed","title":"should evaluate AND group","duration":0.3797000000000139,"failureMessages":[],"meta":{}},{"ancestorTitles":["ConditionSystem"],"fullName":"ConditionSystem should evaluate AND group — false when one fails","status":"passed","title":"should evaluate AND group — false when one fails","duration":0.17090000000001737,"failureMessages":[],"meta":{}},{"ancestorTitles":["ConditionSystem"],"fullName":"ConditionSystem should evaluate OR group","status":"passed","title":"should evaluate OR group","duration":0.13210000000003674,"failureMessages":[],"meta":{}},{"ancestorTitles":["ConditionSystem"],"fullName":"ConditionSystem should evaluate OR group — false when all fail","status":"passed","title":"should evaluate OR group — false when all fail","duration":0.16590000000002192,"failureMessages":[],"meta":{}},{"ancestorTitles":["ConditionSystem"],"fullName":"ConditionSystem short-circuits AND and OR in declaration order","status":"passed","title":"short-circuits AND and OR in declaration order","duration":0.7000000000000455,"failureMessages":[],"meta":{}},{"ancestorTitles":["ConditionSystem"],"fullName":"ConditionSystem should support nested ConditionGroups","status":"passed","title":"should support nested ConditionGroups","duration":0.183400000000006,"failureMessages":[],"meta":{}},{"ancestorTitles":["ConditionSystem"],"fullName":"ConditionSystem should evaluateExpr accept a single atomic condition","status":"passed","title":"should evaluateExpr accept a single atomic condition","duration":0.26139999999998054,"failureMessages":[],"meta":{}},{"ancestorTitles":["ConditionSystem"],"fullName":"ConditionSystem should evaluateExpr accept a condition group","status":"passed","title":"should evaluateExpr accept a condition group","duration":0.19309999999995853,"failureMessages":[],"meta":{}},{"ancestorTitles":["ConditionSystem"],"fullName":"ConditionSystem should handle unknown comparator gracefully","status":"passed","title":"should handle unknown comparator gracefully","duration":0.09569999999996526,"failureMessages":[],"meta":{}},{"ancestorTitles":["ConditionSystem"],"fullName":"ConditionSystem should count owned spots by hierarchical tag","status":"passed","title":"should count owned spots by hierarchical tag","duration":0.5416999999999916,"failureMessages":[],"meta":{}},{"ancestorTitles":["ConditionSystem"],"fullName":"ConditionSystem should evaluate extra condition via injected extra reader (int/float)","status":"passed","title":"should evaluate extra condition via injected extra reader (int/float)","duration":0.3412999999999897,"failureMessages":[],"meta":{}},{"ancestorTitles":["ConditionSystem"],"fullName":"ConditionSystem should treat missing extra as 0 and bool as 1/0","status":"passed","title":"should treat missing extra as 0 and bool as 1/0","duration":0.2149000000000001,"failureMessages":[],"meta":{}}],"startTime":1789054241455,"endTime":1789054241461.3413,"status":"passed","message":"","name":"C:/Users/15229/Documents/Obsidian Vault/1-项目/ACProgram/tests/engine/condition-system.test.ts"},{"assertionResults":[{"ancestorTitles":["addExp（C-01 ~ C-06）"],"fullName":"addExp（C-01 ~ C-06） C-01 加经验不跨级","status":"passed","title":"C-01 加经验不跨级","duration":8.414100000000076,"failureMessages":[],"meta":{}},{"ancestorTitles":["addExp（C-01 ~ C-06）"],"fullName":"addExp（C-01 ~ C-06） C-02 跨级：level+1，扣除本级需求，余量进下级","status":"passed","title":"C-02 跨级：level+1，扣除本级需求，余量进下级","duration":1.009200000000078,"failureMessages":[],"meta":{}},{"ancestorTitles":["addExp（C-01 ~ C-06）"],"fullName":"addExp（C-01 ~ C-06） C-03 一次跨多级：逐级扣减","status":"passed","title":"C-03 一次跨多级：逐级扣减","duration":0.7666000000000395,"failureMessages":[],"meta":{}},{"ancestorTitles":["addExp（C-01 ~ C-06）"],"fullName":"addExp（C-01 ~ C-06） C-04 曲线上限：溢出截断为 0，等级封顶","status":"passed","title":"C-04 曲线上限：溢出截断为 0，等级封顶","duration":0.8836999999999762,"failureMessages":[],"meta":{}},{"ancestorTitles":["addExp（C-01 ~ C-06）"],"fullName":"addExp（C-01 ~ C-06） C-05 星级突破提升上限：每星 +1 级","status":"passed","title":"C-05 星级突破提升上限：每星 +1 级","duration":1.1440000000000055,"failureMessages":[],"meta":{}},{"ancestorTitles":["addExp（C-01 ~ C-06）"],"fullName":"addExp（C-01 ~ C-06） C-06 未拥有变体拒绝培养","status":"passed","title":"C-06 未拥有变体拒绝培养","duration":0.6135000000000446,"failureMessages":[],"meta":{}},{"ancestorTitles":["addExp（C-01 ~ C-06）"],"fullName":"addExp（C-01 ~ C-06） 未知差分抛错","status":"passed","title":"未知差分抛错","duration":1.2577999999999747,"failureMessages":[],"meta":{}},{"ancestorTitles":["breakthroughStar（C-10 ~ C-13）"],"fullName":"breakthroughStar（C-10 ~ C-13） C-10 碎片足够 → 突破并扣碎片，发 cultivated(star) 事件","status":"passed","title":"C-10 碎片足够 → 突破并扣碎片，发 cultivated(star) 事件","duration":2.0056999999999334,"failureMessages":[],"meta":{}},{"ancestorTitles":["breakthroughStar（C-10 ~ C-13）"],"fullName":"breakthroughStar（C-10 ~ C-13） C-11 碎片不足拒绝，余额与星级不变","status":"passed","title":"C-11 碎片不足拒绝，余额与星级不变","duration":1.056100000000015,"failureMessages":[],"meta":{}},{"ancestorTitles":["breakthroughStar（C-10 ~ C-13）"],"fullName":"breakthroughStar（C-10 ~ C-13） C-12 星级上限拒绝","status":"passed","title":"C-12 星级上限拒绝","duration":1.4787000000000035,"failureMessages":[],"meta":{}},{"ancestorTitles":["breakthroughStar（C-10 ~ C-13）"],"fullName":"breakthroughStar（C-10 ~ C-13） C-13 碎片按差分隔离：A 突破只消耗 A 的碎片，B 的不可替代","status":"passed","title":"C-13 碎片按差分隔离：A 突破只消耗 A 的碎片，B 的不可替代","duration":0.8296000000000276,"failureMessages":[],"meta":{}},{"ancestorTitles":["P-02 培养驱动 protoStats.cultTotal"],"fullName":"P-02 培养驱动 protoStats.cultTotal 升级按经验量累计、突破按碎片消耗累计","status":"passed","title":"升级按经验量累计、突破按碎片消耗累计","duration":0.5636000000000649,"failureMessages":[],"meta":{}}],"startTime":1789054241878,"endTime":1789054241898.5637,"status":"passed","message":"","name":"C:/Users/15229/Documents/Obsidian Vault/1-项目/ACProgram/tests/engine/cultivate-system.test.ts"},{"assertionResults":[{"ancestorTitles":["DevLog"],"fullName":"DevLog keeps newest entries first and returns snapshots","status":"passed","title":"keeps newest entries first and returns snapshots","duration":1.9534999999999627,"failureMessages":[],"meta":{}},{"ancestorTitles":["DevLog"],"fullName":"DevLog maps production and spending events to useful messages","status":"passed","title":"maps production and spending events to useful messages","duration":0.448099999999954,"failureMessages":[],"meta":{}},{"ancestorTitles":["DevLog"],"fullName":"DevLog summarizes production only on cadence frames","status":"passed","title":"summarizes production only on cadence frames","duration":0.8745999999999867,"failureMessages":[],"meta":{}},{"ancestorTitles":["DevLog"],"fullName":"DevLog verbose records every frame, positive income, and per-spot production","status":"passed","title":"verbose records every frame, positive income, and per-spot production","duration":0.2296999999999798,"failureMessages":[],"meta":{}},{"ancestorTitles":["DevLog"],"fullName":"DevLog verbose defaults to a large capacity","status":"passed","title":"verbose defaults to a large capacity","duration":6.048500000000047,"failureMessages":[],"meta":{}},{"ancestorTitles":["DevLog"],"fullName":"DevLog export produces a full JSON snapshot in chronological order","status":"passed","title":"export produces a full JSON snapshot in chronological order","duration":1.6239000000000487,"failureMessages":[],"meta":{}}],"startTime":1789054243702,"endTime":1789054243713.6238,"status":"passed","message":"","name":"C:/Users/15229/Documents/Obsidian Vault/1-项目/ACProgram/tests/engine/dev-log.test.ts"},{"assertionResults":[{"ancestorTitles":["EffectEngine"],"fullName":"EffectEngine should add resource","status":"passed","title":"should add resource","duration":1.3571000000000026,"failureMessages":[],"meta":{}},{"ancestorTitles":["EffectEngine"],"fullName":"EffectEngine should set resource","status":"passed","title":"should set resource","duration":0.20539999999999736,"failureMessages":[],"meta":{}},{"ancestorTitles":["EffectEngine"],"fullName":"EffectEngine should set spot level","status":"passed","title":"should set spot level","duration":0.18149999999997135,"failureMessages":[],"meta":{}},{"ancestorTitles":["EffectEngine"],"fullName":"EffectEngine should add spot level","status":"passed","title":"should add spot level","duration":0.13850000000002183,"failureMessages":[],"meta":{}},{"ancestorTitles":["EffectEngine"],"fullName":"EffectEngine should set manager","status":"passed","title":"should set manager","duration":0.16300000000001091,"failureMessages":[],"meta":{}},{"ancestorTitles":["EffectEngine"],"fullName":"EffectEngine should add enhancement (no dup)","status":"passed","title":"should add enhancement (no dup)","duration":0.6535000000000082,"failureMessages":[],"meta":{}},{"ancestorTitles":["EffectEngine"],"fullName":"EffectEngine should add item to inventory","status":"passed","title":"should add item to inventory","duration":0.18770000000000664,"failureMessages":[],"meta":{}},{"ancestorTitles":["EffectEngine"],"fullName":"EffectEngine should unlock init","status":"passed","title":"should unlock init","duration":0.712099999999964,"failureMessages":[],"meta":{}},{"ancestorTitles":["EffectEngine"],"fullName":"EffectEngine should set flag","status":"passed","title":"should set flag","duration":0.19290000000000873,"failureMessages":[],"meta":{}},{"ancestorTitles":["EffectEngine"],"fullName":"EffectEngine should delegate runtime effects to the injected host handler","status":"passed","title":"should delegate runtime effects to the injected host handler","duration":0.4934999999999832,"failureMessages":[],"meta":{}},{"ancestorTitles":["EffectEngine"],"fullName":"EffectEngine should apply multiple effects in order","status":"passed","title":"should apply multiple effects in order","duration":0.16700000000003,"failureMessages":[],"meta":{}},{"ancestorTitles":["EffectEngine"],"fullName":"EffectEngine should set extra with ExtraValue (not resolved as ValueExpression)","status":"passed","title":"should set extra with ExtraValue (not resolved as ValueExpression)","duration":0.623800000000017,"failureMessages":[],"meta":{}},{"ancestorTitles":["EffectEngine"],"fullName":"EffectEngine should set extra with primitive literal (auto-converted)","status":"passed","title":"should set extra with primitive literal (auto-converted)","duration":0.2838999999999601,"failureMessages":[],"meta":{}},{"ancestorTitles":["EffectEngine"],"fullName":"EffectEngine should add extra from missing base as 0 and resolve ValueExpression delta","status":"passed","title":"should add extra from missing base as 0 and resolve ValueExpression delta","duration":0.4146999999999821,"failureMessages":[],"meta":{}},{"ancestorTitles":["StateMutationService extras"],"fullName":"StateMutationService extras addExtra should use injected merged reader as base and keep float type","status":"passed","title":"addExtra should use injected merged reader as base and keep float type","duration":0.17799999999999727,"failureMessages":[],"meta":{}},{"ancestorTitles":["StateMutationService extras"],"fullName":"StateMutationService extras removeExtra should delete node and silently ignore missing paths","status":"passed","title":"removeExtra should delete node and silently ignore missing paths","duration":0.8634000000000128,"failureMessages":[],"meta":{}},{"ancestorTitles":["StateMutationService extras"],"fullName":"StateMutationService extras removeExtra with no extras layer is a no-op","status":"passed","title":"removeExtra with no extras layer is a no-op","duration":0.16980000000000928,"failureMessages":[],"meta":{}}],"startTime":1789054240893,"endTime":1789054240900.17,"status":"passed","message":"","name":"C:/Users/15229/Documents/Obsidian Vault/1-项目/ACProgram/tests/engine/effect-engine.test.ts"},{"assertionResults":[{"ancestorTitles":["基础引擎契约可脱离 base Datapack 组合"],"fullName":"基础引擎契约可脱离 base Datapack 组合 Value / Condition / Stats 实现满足只读查询端口","status":"passed","title":"Value / Condition / Stats 实现满足只读查询端口","duration":2.2072999999999183,"failureMessages":[],"meta":{}},{"ancestorTitles":["基础引擎契约可脱离 base Datapack 组合"],"fullName":"基础引擎契约可脱离 base Datapack 组合 GameNum 可由最小 Registry / Affector 端口构造","status":"passed","title":"GameNum 可由最小 Registry / Affector 端口构造","duration":0.730199999999968,"failureMessages":[],"meta":{}},{"ancestorTitles":["基础引擎契约可脱离 base Datapack 组合"],"fullName":"基础引擎契约可脱离 base Datapack 组合 Reveal 端口只要求带揭示声明的只读索引","status":"passed","title":"Reveal 端口只要求带揭示声明的只读索引","duration":0.2480999999999085,"failureMessages":[],"meta":{}},{"ancestorTitles":["基础引擎契约可脱离 base Datapack 组合"],"fullName":"基础引擎契约可脱离 base Datapack 组合 GameInstance 支持由产品运行时注入装配入口","status":"passed","title":"GameInstance 支持由产品运行时注入装配入口","duration":0.21059999999999945,"failureMessages":[],"meta":{}}],"startTime":1789054244813,"endTime":1789054244816.248,"status":"passed","message":"","name":"C:/Users/15229/Documents/Obsidian Vault/1-项目/ACProgram/tests/engine/engine-contracts.test.ts"},{"assertionResults":[{"ancestorTitles":["测试用青辉石灌注（每 tick +2500）"],"fullName":"测试用青辉石灌注（每 tick +2500） 免费购买后每 tick +2500 青辉石","status":"passed","title":"免费购买后每 tick +2500 青辉石","duration":26.839400000000012,"failureMessages":[],"meta":{}},{"ancestorTitles":["测试用青辉石灌注（每 tick +2500）"],"fullName":"测试用青辉石灌注（每 tick +2500） 未购买时不产出青辉石","status":"passed","title":"未购买时不产出青辉石","duration":8.345899999999972,"failureMessages":[],"meta":{}}],"startTime":1789054245937,"endTime":1789054245972.346,"status":"passed","message":"","name":"C:/Users/15229/Documents/Obsidian Vault/1-项目/ACProgram/tests/engine/enhancement-pyroxene-cheat.test.ts"},{"assertionResults":[{"ancestorTitles":["Enhancement 信息揭示阶梯"],"fullName":"Enhancement 信息揭示阶梯 def without a reveal ladder stays fully known and purchaseable","status":"passed","title":"def without a reveal ladder stays fully known and purchaseable","duration":26.497499999999945,"failureMessages":[],"meta":{}},{"ancestorTitles":["Enhancement 信息揭示阶梯"],"fullName":"Enhancement 信息揭示阶梯 utility stays hidden until its own condition is met","status":"passed","title":"utility stays hidden until its own condition is met","duration":19.84439999999995,"failureMessages":[],"meta":{}},{"ancestorTitles":["Enhancement 信息揭示阶梯"],"fullName":"Enhancement 信息揭示阶梯 owned enhancement reports stage owned","status":"passed","title":"owned enhancement reports stage owned","duration":24.993600000000015,"failureMessages":[],"meta":{}},{"ancestorTitles":["Enhancement 信息揭示阶梯"],"fullName":"Enhancement 信息揭示阶梯 invisible when existence trigger is unmet","status":"passed","title":"invisible when existence trigger is unmet","duration":14.57039999999995,"failureMessages":[],"meta":{}}],"startTime":1789054244926,"endTime":1789054245012.5703,"status":"passed","message":"","name":"C:/Users/15229/Documents/Obsidian Vault/1-项目/ACProgram/tests/engine/enhancement-reveal.test.ts"},{"assertionResults":[{"ancestorTitles":["Enhancement 作用域（全局/当前 Init）"],"fullName":"Enhancement 作用域（全局/当前 Init） purchased enhancement applies across every area within the init","status":"passed","title":"purchased enhancement applies across every area within the init","duration":37.426399999999944,"failureMessages":[],"meta":{}},{"ancestorTitles":["Enhancement 作用域（全局/当前 Init）"],"fullName":"Enhancement 作用域（全局/当前 Init） no mysterious attachment label is exposed on the view","status":"passed","title":"no mysterious attachment label is exposed on the view","duration":12.97460000000001,"failureMessages":[],"meta":{}},{"ancestorTitles":["Enhancement 作用域（全局/当前 Init）"],"fullName":"Enhancement 作用域（全局/当前 Init） removing an enhancement disables it and allows re-purchase","status":"passed","title":"removing an enhancement disables it and allows re-purchase","duration":17.62710000000004,"failureMessages":[],"meta":{}}],"startTime":1789054244790,"endTime":1789054244857.6272,"status":"passed","message":"","name":"C:/Users/15229/Documents/Obsidian Vault/1-项目/ACProgram/tests/engine/enhancement-scope.test.ts"},{"assertionResults":[{"ancestorTitles":["探索机制：Init / Area / Story"],"fullName":"探索机制：Init / Area / Story Init reveal: name hidden until stat threshold, owned once unlocked","status":"passed","title":"Init reveal: name hidden until stat threshold, owned once unlocked","duration":24.267200000000003,"failureMessages":[],"meta":{}},{"ancestorTitles":["探索机制：Init / Area / Story"],"fullName":"探索机制：Init / Area / Story Area reveal: unvisited hidden name; owned once visited","status":"passed","title":"Area reveal: unvisited hidden name; owned once visited","duration":7.67470000000003,"failureMessages":[],"meta":{}},{"ancestorTitles":["探索机制：Init / Area / Story"],"fullName":"探索机制：Init / Area / Story Story reveal: name hidden until stat threshold; completed is owned","status":"passed","title":"Story reveal: name hidden until stat threshold; completed is owned","duration":9.25470000000007,"failureMessages":[],"meta":{}}],"startTime":1789054245108,"endTime":1789054245149.2546,"status":"passed","message":"","name":"C:/Users/15229/Documents/Obsidian Vault/1-项目/ACProgram/tests/engine/entity-reveal.test.ts"},{"assertionResults":[{"ancestorTitles":["实体主题槽：entityThemeOverride"],"fullName":"实体主题槽：entityThemeOverride 无主题槽 → null（走声明默认）","status":"passed","title":"无主题槽 → null（走声明默认）","duration"
[...]
uration":16.282900000000154,"failureMessages":[],"meta":{}}],"startTime":1789054240509,"endTime":1789054240609.283,"status":"passed","message":"","name":"C:/Users/15229/Documents/Obsidian Vault/1-项目/ACProgram/tests/ui/components/contacts.test.ts"},{"assertionResults":[{"ancestorTitles":["GlobalEnhancement 选择界面"],"fullName":"GlobalEnhancement 选择界面 轮盘只列出 attachment kind=global 的强化，普通强化不入列","status":"passed","title":"轮盘只列出 attachment kind=global 的强化，普通强化不入列","duration":49.88940000000002,"failureMessages":[],"meta":{}},{"ancestorTitles":["GlobalEnhancement 选择界面"],"fullName":"GlobalEnhancement 选择界面 右侧强化面板不再展示 global 挂靠强化（仅经选择页购买），并提供选择页入口","status":"passed","title":"右侧强化面板不再展示 global 挂靠强化（仅经选择页购买），并提供选择页入口","duration":43.72040000000004,"failureMessages":[],"meta":{}},{"ancestorTitles":["GlobalEnhancement 选择界面"],"fullName":"GlobalEnhancement 选择界面 已拥有的 global 强化在轮盘中标记「已激活」","status":"passed","title":"已拥有的 global 强化在轮盘中标记「已激活」","duration":31.07159999999999,"failureMessages":[],"meta":{}},{"ancestorTitles":["GlobalEnhancement 选择界面"],"fullName":"GlobalEnhancement 选择界面 不可撤回的 global 强化详情展示 IRREVERSIBLE 标记与无操作 CTA","status":"passed","title":"不可撤回的 global 强化详情展示 IRREVERSIBLE 标记与无操作 CTA","duration":14.33789999999999,"failureMessages":[],"meta":{}}],"startTime":1789054245112,"endTime":1789054245251.338,"status":"passed","message":"","name":"C:/Users/15229/Documents/Obsidian Vault/1-项目/ACProgram/tests/ui/components/global-enhancement-select.test.ts"},{"assertionResults":[{"ancestorTitles":["renderSelectorPage Init 面世界倾斜数值"],"fullName":"renderSelectorPage Init 面世界倾斜数值 Init 面右列按倾斜值降序排列（高在上低在下）","status":"passed","title":"Init 面右列按倾斜值降序排列（高在上低在下）","duration":56.45999999999992,"failureMessages":[],"meta":{}},{"ancestorTitles":["renderSelectorPage Init 面世界倾斜数值"],"fullName":"renderSelectorPage Init 面世界倾斜数值 Init 面左侧详情展示规范化 TILT 值（尾数补满 15 位），默认选中首位","status":"passed","title":"Init 面左侧详情展示规范化 TILT 值（尾数补满 15 位），默认选中首位","duration":31.276299999999992,"failureMessages":[],"meta":{}},{"ancestorTitles":["renderSelectorPage Init 面世界倾斜数值"],"fullName":"renderSelectorPage Init 面世界倾斜数值 Init 面选中项驱动左侧详情：有伪装展示字符串时代替数值展示","status":"passed","title":"Init 面选中项驱动左侧详情：有伪装展示字符串时代替数值展示","duration":15.1801999999999,"failureMessages":[],"meta":{}},{"ancestorTitles":["renderSelectorPage Init 面世界倾斜数值"],"fullName":"renderSelectorPage Init 面世界倾斜数值 Init 面名称未揭示前不泄露真实倾斜值","status":"passed","title":"Init 面名称未揭示前不泄露真实倾斜值","duration":24.457300000000032,"failureMessages":[],"meta":{}},{"ancestorTitles":["renderSelectorPage Init 面世界倾斜数值"],"fullName":"renderSelectorPage Init 面世界倾斜数值 Init 面 selectedId 无效时回退到排序首位","status":"passed","title":"Init 面 selectedId 无效时回退到排序首位","duration":10.579999999999927,"failureMessages":[],"meta":{}}],"startTime":1789054245111,"endTime":1789054245248.58,"status":"passed","message":"","name":"C:/Users/15229/Documents/Obsidian Vault/1-项目/ACProgram/tests/ui/components/init-select.test.ts"},{"assertionResults":[{"ancestorTitles":["renderStoryGate / renderOpeningBanner"],"fullName":"renderStoryGate / renderOpeningBanner 浮层：羁绊入口显示「羁绊剧情」+ 角色名 + openingTitle 标题 + 确认/取消钩子","status":"passed","title":"浮层：羁绊入口显示「羁绊剧情」+ 角色名 + openingTitle 标题 + 确认/取消钩子","duration":22.353000000000065,"failureMessages":[],"meta":{}},{"ancestorTitles":["renderStoryGate / renderOpeningBanner"],"fullName":"renderStoryGate / renderOpeningBanner 浮层：无 owner 入口回退「剧情」+ StoryDef.name；replay 文案为「重新观看」","status":"passed","title":"浮层：无 owner 入口回退「剧情」+ StoryDef.name；replay 文案为「重新观看」","duration":5.4506999999999834,"failureMessages":[],"meta":{}},{"ancestorTitles":["renderStoryGate / renderOpeningBanner"],"fullName":"renderStoryGate / renderOpeningBanner 浮层：已拥有角色显示头像 + 好感心形角标（等级数字）","status":"passed","title":"浮层：已拥有角色显示头像 + 好感心形角标（等级数字）","duration":4.948999999999955,"failureMessages":[],"meta":{}},{"ancestorTitles":["renderStoryGate / renderOpeningBanner"],"fullName":"renderStoryGate / renderOpeningBanner storyDisplayTitle：entry.openingTitle 优先，回退 StoryDef.name / storyId","status":"passed","title":"storyDisplayTitle：entry.openingTitle 优先，回退 StoryDef.name / storyId","duration":5.26400000000001,"failureMessages":[],"meta":{}},{"ancestorTitles":["renderStoryGate / renderOpeningBanner"],"fullName":"renderStoryGate / renderOpeningBanner 浮层：已完结剧情确认文案为「重新开始」（卡片 = 正常重开）；重读入口仍为「重新观看」","status":"passed","title":"浮层：已完结剧情确认文案为「重新开始」（卡片 = 正常重开）；重读入口仍为「重新观看」","duration":8.419999999999959,"failureMessages":[],"meta":{}},{"ancestorTitles":["renderStoryGate / renderOpeningBanner"],"fullName":"renderStoryGate / renderOpeningBanner 横幅：标题文本转义，data-story-banner 钩子存在","status":"passed","title":"横幅：标题文本转义，data-story-banner 钩子存在","duration":4.526899999999955,"failureMessages":[],"meta":{}},{"ancestorTitles":["renderStoryGate / renderOpeningBanner"],"fullName":"renderStoryGate / renderOpeningBanner 横幅：重渲染断点续播——按 startedAt 写入负 animation-delay","status":"passed","title":"横幅：重渲染断点续播——按 startedAt 写入负 animation-delay","duration":6.090200000000095,"failureMessages":[],"meta":{}}],"startTime":1789054242907,"endTime":1789054242964.09,"status":"passed","message":"","name":"C:/Users/15229/Documents/Obsidian Vault/1-项目/ACProgram/tests/ui/components/story-gate.test.ts"},{"assertionResults":[{"ancestorTitles":["describeStatDsl"],"fullName":"describeStatDsl 全局资源统计转义为正式文体","status":"passed","title":"全局资源统计转义为正式文体","duration":1.1620000000000346,"failureMessages":[],"meta":{}},{"ancestorTitles":["describeStatDsl"],"fullName":"describeStatDsl 本次游玩资源统计转义","status":"passed","title":"本次游玩资源统计转义","duration":0.1852000000000089,"failureMessages":[],"meta":{}},{"ancestorTitles":["describeStatDsl"],"fullName":"describeStatDsl Init 作用域使用 init 与资源书面名","status":"passed","title":"Init 作用域使用 init 与资源书面名","duration":0.12379999999996016,"failureMessages":[],"meta":{}},{"ancestorTitles":["describeStatDsl"],"fullName":"describeStatDsl 物品统计路由到物品书面名","status":"passed","title":"物品统计路由到物品书面名","duration":0.14699999999993452,"failureMessages":[],"meta":{}},{"ancestorTitles":["describeStatDsl"],"fullName":"describeStatDsl 无 key 计数类统计直接出文体","status":"passed","title":"无 key 计数类统计直接出文体","duration":0.09910000000002128,"failureMessages":[],"meta":{}},{"ancestorTitles":["describeStatDsl"],"fullName":"describeStatDsl Init 停留帧数使用 init 书面名","status":"passed","title":"Init 停留帧数使用 init 书面名","duration":0.1470000000000482,"failureMessages":[],"meta":{}},{"ancestorTitles":["describeStatDsl"],"fullName":"describeStatDsl 未知函数原样返回","status":"passed","title":"未知函数原样返回","duration":0.09090000000003329,"failureMessages":[],"meta":{}},{"ancestorTitles":["describeStatDsl"],"fullName":"describeStatDsl 缺参无法解析时原样返回","status":"passed","title":"缺参无法解析时原样返回","duration":0.1473999999999478,"failureMessages":[],"meta":{}},{"ancestorTitles":["describeCondition"],"fullName":"describeCondition stat 条件转义为正式文体","status":"passed","title":"stat 条件转义为正式文体","duration":0.45460000000002765,"failureMessages":[],"meta":{}},{"ancestorTitles":["describeCondition"],"fullName":"describeCondition 条件组内 stat 条件同样转义","status":"passed","title":"条件组内 stat 条件同样转义","duration":0.21720000000004802,"failureMessages":[],"meta":{}},{"ancestorTitles":["describeCondition"],"fullName":"describeCondition 无条件时输出 无条件","status":"passed","title":"无条件时输出 无条件","duration":0.08019999999999072,"failureMessages":[],"meta":{}},{"ancestorTitles":["renderSpotDetail"],"fullName":"renderSpotDetail 升级消费展示资源书面名而非原始三段式 id","status":"passed","title":"升级消费展示资源书面名而非原始三段式 id","duration":69.99360000000001,"failureMessages":[],"meta":{}}],"startTime":1789054243610,"endTime":1789054243682.9937,"status":"passed","message":"","name":"C:/Users/15229/Documents/Obsidian Vault/1-项目/ACProgram/tests/ui/components/tooltip.test.ts"},{"assertionResults":[{"ancestorTitles":["EditorModel"],"fullName":"EditorModel 加载与导出往返一致","status":"passed","title":"加载与导出往返一致","duration":1.8123000000000502,"failureMessages":[],"meta":{}},{"ancestorTitles":["EditorModel"],"fullName":"EditorModel 新增行带默认值并可设置值","status":"passed","title":"新增行带默认值并可设置值","duration":1.3557000000000698,"failureMessages":[],"meta":{}},{"ancestorTitles":["EditorModel"],"fullName":"EditorModel 对从未加载数据的空表（tags）addRow 仍能创建并持久化","status":"passed","title":"对从未加载数据的空表（tags）addRow 仍能创建并持久化","duration":0.5486999999999398,"failureMessages":[],"meta":{}},{"ancestorTitles":["EditorModel"],"fullName":"EditorModel divider 横条不进入数据行（不参与 JSON 合并）","status":"passed","title":"divider 横条不进入数据行（不参与 JSON 合并）","duration":0.5022000000000162,"failureMessages":[],"meta":{}},{"ancestorTitles":["EditorModel"],"fullName":"EditorModel 删除 / 复制 / 移动行","status":"passed","title":"删除 / 复制 / 移动行","duration":0.5582000000000562,"failureMessages":[],"meta":{}},{"ancestorTitles":["EditorModel"],"fullName":"EditorModel 嵌套路径写入（不影响其他字段）","status":"passed","title":"嵌套路径写入（不影响其他字段）","duration":0.22329999999999472,"failureMessages":[],"meta":{}},{"ancestorTitles":["EditorModel"],"fullName":"EditorModel record 表读写","status":"passed","title":"record 表读写","duration":0.28100000000006276,"failureMessages":[],"meta":{}},{"ancestorTitles":["EditorModel"],"fullName":"EditorModel 撤销 / 重做（逐层）","status":"passed","title":"撤销 / 重做（逐层）","duration":0.544399999999996,"failureMessages":[],"meta":{}},{"ancestorTitles":["EditorModel"],"fullName":"EditorModel 加载后历史清空","status":"passed","title":"加载后历史清空","duration":0.17919999999992342,"failureMessages":[],"meta":{}},{"ancestorTitles":["EditorModel"],"fullName":"EditorModel 校验真实工作集 0 error","status":"passed","title":"校验真实工作集 0 error","duration":1.3202999999999747,"failureMessages":[],"meta":{}},{"ancestorTitles":["EditorModel"],"fullName":"EditorModel onChange 订阅与退订","status":"passed","title":"onChange 订阅与退订","duration":0.2318000000000211,"failureMessages":[],"meta":{}}],"startTime":1789054243121,"endTime":1789054243128.3203,"status":"passed","message":"","name":"C:/Users/15229/Documents/Obsidian Vault/1-项目/ACProgram/tools/datapack-editor/model/editor-model.test.ts"},{"assertionResults":[{"ancestorTitles":["真实 datapack 回归校验"],"fullName":"真实 datapack 回归校验 加载到数据（分片文件存在）","status":"passed","title":"加载到数据（分片文件存在）","duration":1.1560999999999808,"failureMessages":[],"meta":{}},{"ancestorTitles":["真实 datapack 回归校验"],"fullName":"真实 datapack 回归校验 schema 校验 0 error","status":"passed","title":"schema 校验 0 error","duration":3.025000000000034,"failureMessages":[],"meta":{}},{"ancestorTitles":["divider 横条（UI 语义分组，非数据字段）"],"fullName":"divider 横条（UI 语义分组，非数据字段） 含 divider 的表校验正常，且不报未知字段","status":"passed","title":"含 divider 的表校验正常，且不报未知字段","duration":0.20760000000001355,"failureMessages":[],"meta":{}},{"ancestorTitles":["叶子条件 tagged 联动（target 首枚举 → key 引用表）"],"fullName":"叶子条件 tagged 联动（target 首枚举 → key 引用表） target=resource 时 key 按资源表引用校验（credit 命中）","status":"passed","title":"target=resource 时 key 按资源表引用校验（credit 命中）","duration":0.37350000000003547,"failureMessages":[],"meta":{}},{"ancestorTitles":["叶子条件 tagged 联动（target 首枚举 → key 引用表）"],"fullName":"叶子条件 tagged 联动（target 首枚举 → key 引用表） target=resource 但 key 引用不存在 → 报资源表引用错误","status":"passed","title":"target=resource 但 key 引用不存在 → 报资源表引用错误","duration":0.36679999999995516,"failureMessages":[],"meta":{}},{"ancestorTitles":["叶子条件 tagged 联动（target 首枚举 → key 引用表）"],"fullName":"叶子条件 tagged 联动（target 首枚举 → key 引用表） target=hasTag 使用完整 TagRef 引用标签表","status":"passed","title":"target=hasTag 使用完整 TagRef 引用标签表","duration":0.46129999999999427,"failureMessages":[],"meta":{}},{"ancestorTitles":["叶子条件 tagged 联动（target 首枚举 → key 引用表）"],"fullName":"叶子条件 tagged 联动（target 首枚举 → key 引用表） target=hasTag 拒绝非法 TagRef 格式","status":"passed","title":"target=hasTag 拒绝非法 TagRef 格式","duration":0.23320000000001073,"failureMessages":[],"meta":{}},{"ancestorTitles":["叶子条件 tagged 联动（target 首枚举 → key 引用表）"],"fullName":"叶子条件 tagged 联动（target 首枚举 → key 引用表） tags 表拒绝非法 id/parent，但允许裸 id","status":"passed","title":"tags 表拒绝非法 id/parent，但允许裸 id","duration":0.2699999999999818,"failureMessages":[],"meta":{}}],"startTime":1789054243349,"endTime":1789054243356.27,"status":"passed","message":"","name":"C:/Users/15229/Documents/Obsidian Vault/1-项目/ACProgram/tools/datapack-editor/schema/datapack.schema.test.ts"},{"assertionResults":[{"ancestorTitles":["Schema 描述协议：defMap 派生自 Datapack"],"fullName":"Schema 描述协议：defMap 派生自 Datapack defMap 覆盖 editor 的 13 张表（非自定义表均有类型映射）","status":"passed","title":"defMap 覆盖 editor 的 13 张表（非自定义表均有类型映射）","duration":1.615099999999984,"failureMessages":[],"meta":{}},{"ancestorTitles":["Schema 描述协议：defMap 派生自 Datapack"],"fullName":"Schema 描述协议：defMap 派生自 Datapack 生成 defs 非空（解析到字段）","status":"passed","title":"生成 defs 非空（解析到字段）","duration":0.6680999999998676,"failureMessages":[],"meta":{}},{"ancestorTitles":["Schema 描述协议：字段覆盖一致性"],"fullName":"Schema 描述协议：字段覆盖一致性 每个生成字段在最终 TABLES 中都有 FieldDef（新增字段未同步 → error）","status":"passed","title":"每个生成字段在最终 TABLES 中都有 FieldDef（新增字段未同步 → error）","duration":2.5696000000000367,"failureMessages":[],"meta":{}},{"ancestorTitles":["Schema 描述协议：字段覆盖一致性"],"fullName":"Schema 描述协议：字段覆盖一致性 无残留 hand 字段（复杂字段必须由 editor-extras 覆盖）","status":"passed","title":"无残留 hand 字段（复杂字段必须由 editor-extras 覆盖）","duration":0.3556999999998425,"failureMessages":[],"meta":{}},{"ancestorTitles":["Schema 描述协议：字段覆盖一致性"],"fullName":"Schema 描述协议：字段覆盖一致性 覆盖字段 key 必须存在于生成 defs（防 editor 侧私加引擎不认的字段）","status":"passed","title":"覆盖字段 key 必须存在于生成 defs（防 editor 侧私加引擎不认的字段）","duration":0.860300000000052,"failureMessages":[],"meta":{}},{"ancestorTitles":["Schema 描述协议：引用与枚举合法性"],"fullName":"Schema 描述协议：引用与枚举合法性 所有 ref 目标 ∈ editor TableKey","status":"passed","title":"所有 ref 目标 ∈ editor TableKey","duration":3.900000000000091,"failureMessages":[],"meta":{}},{"ancestorTitles":["Schema 描述协议：引用与枚举合法性"],"fullName":"Schema 描述协议：引用与枚举合法性 生成枚举字段（未覆盖时）保留全部类型选项","status":"passed","title":"生成枚举字段（未覆盖时）保留全部类型选项","duration":0.6387999999999465,"failureMessages":[],"meta":{}}],"startTime":1789054243031,"endTime":1789054243042.639,"status":"passed","message":"","name":"C:/Users/15229/Documents/Obsidian Vault/1-项目/ACProgram/tools/datapack-editor/schema/engine-schema.sync.test.ts"},{"assertionResults":[{"ancestorTitles":["tags full dump"],"fullName":"tags full dump dumps tags table","status":"passed","title":"dumps tags table","duration":0.9010999999999854,"failureMessages":[],"meta":{}}],"startTime":1789054246141,"endTime":1789054246141.9011,"status":"passed","message":"","name":"C:/Users/15229/Documents/Obsidian Vault/1-项目/ACProgram/tools/datapack-editor/schema/tags-dump.test.ts"},{"assertionResults":[{"ancestorTitles":["tags field kinds after regen"],"fullName":"tags field kinds after regen shows field kinds","status":"passed","title":"shows field kinds","duration":1.265199999999993,"failureMessages":[],"meta":{}},{"ancestorTitles":["tags field kinds after regen"],"fullName":"tags field kinds after regen addRow works on fresh model","status":"passed","title":"addRow works on fresh model","duration":1.699899999999957,"failureMessages":[],"meta":{}}],"startTime":1789054246063,"endTime":1789054246066.7,"status":"passed","message":"","name":"C:/Users/15229/Documents/Obsidian Vault/1-项目/ACProgram/tools/datapack-editor/schema/tags-field-kinds.test.ts"},{"assertionResults":[{"ancestorTitles":["tags model addRow"],"fullName":"tags model addRow addRow on tags creates a row with defaults","status":"passed","title":"addRow on tags creates a row with defaults","duration":2.426899999999989,"failureMessages":[],"meta":{}},{"ancestorTitles":["tags model addRow"],"fullName":"tags model addRow validate does not throw on tags table","status":"passed","title":"validate does not throw on tags table","duration":1.1949000000000183,"failureMessages":[],"meta":{}}],"startTime":1789054245957,"endTime":1789054245961.1948,"status":"passed","message":"","name":"C:/Users/15229/Documents/Obsidian Vault/1-项目/ACProgram/tools/datapack-editor/schema/tags-model.test.ts"},{"assertionResults":[{"ancestorTitles":["NaviService"],"fullName":"NaviService 订阅导航并广播目标","status":"passed","title":"订阅导航并广播目标","duration":1.3316999999999553,"failureMessages":[],"meta":{}},{"ancestorTitles":["collectRefIds"],"fullName":"collectRefIds array 表收集 idField 全部 ID","status":"passed","title":"array 表收集 idField 全部 ID","duration":0.4802999999999997,"failureMessages":[],"meta":{}},{"ancestorTitles":["collectRefIds"],"fullName":"collectRefIds record 表收集 key","status":"passed","title":"record 表收集 key","duration":0.23310000000003583,"failureMessages":[],"meta":{}},{"ancestorTitles":["collectRefOptions"],"fullName":"collectRefOptions array 表收集 id + 可读名","status":"passed","title":"array 表收集 id + 可读名","duration":0.1922999999999888,"failureMessages":[],"meta":{}},{"ancestorTitles":["collectRefOptions"],"fullName":"collectRefOptions record 表收集 key（名称为空）","status":"passed","title":"record 表收集 key（名称为空）","duration":0.1342999999999961,"failureMessages":[],"meta":{}},{"ancestorTitles":["refDisplay"],"fullName":"refDisplay 解析到目标时返回 \"名 (id)\"","status":"passed","title":"解析到目标时返回 \"名 (id)\"","duration":0.24439999999998463,"failureMessages":[],"meta":{}},{"ancestorTitles":["refDisplay"],"fullName":"refDisplay 找不到名称或未解析时原样返回 id","status":"passed","title":"找不到名称或未解析时原样返回 id","duration":0.16580000000004702,"failureMessages":[],"meta":{}},{"ancestorTitles":["resolveRef"],"fullName":"resolveRef array 表按 id 定位行索引","status":"passed","title":"array 表按 id 定位行索引","duration":0.16910000000001446,"failureMessages":[],"meta":{}},{"ancestorTitles":["resolveRef"],"fullName":"resolveRef record 表按 key 定位（rowIndex=-1）","status":"passed","title":"record 表按 key 定位（rowIndex=-1）","duration":0.14740000000000464,"failureMessages":[],"meta":{}},{"ancestorTitles":["resolveRef"],"fullName":"resolveRef 找不到返回 null（含空值）","status":"passed","title":"找不到返回 null（含空值）","duration":0.16629999999997835,"failureMessages":[],"meta":{}},{"ancestorTitles":["resolveOptionsFrom"],"fullName":"resolveOptionsFrom 定位来源表首个匹配行","status":"passed","title":"定位来源表首个匹配行","duration":0.16190000000000282,"failureMessages":[],"meta":{}},{"ancestorTitles":["resolveOptionsFrom"],"fullName":"resolveOptionsFrom 找不到返回 null","status":"passed","title":"找不到返回 null","duration":0.09940000000000282,"failureMessages":[],"meta":{}}],"startTime":1789054244201,"endTime":1789054244205.0994,"status":"passed","message":"","name":"C:/Users/15229/Documents/Obsidian Vault/1-项目/ACProgram/tools/datapack-editor/ui/navi.test.ts"},{"assertionResults":[{"ancestorTitles":["Extra 树校验"],"fullName":"Extra 树校验 合法节点通过","status":"passed","title":"合法节点通过","duration":2.4787999999999784,"failureMessages":[],"meta":{}},{"ancestorTitles":["Extra 树校验"],"fullName":"Extra 树校验 非法标签 / 类型不匹配报错","status":"passed","title":"非法标签 / 类型不匹配报错","duration":0.5873000000000275,"failureMessages":[],"meta":{}},{"ancestorTitles":["Extra 树校验"],"fullName":"Extra 树校验 非 {t,v} 节点报错","status":"passed","title":"非 {t,v} 节点报错","duration":0.3469000000000051,"failureMessages":[],"meta":{}},{"ancestorTitles":["Extra 树校验"],"fullName":"Extra 树校验 其他表 extra 字段同样校验","status":"passed","title":"其他表 extra 字段同样校验","duration":0.6347000000000094,"failureMessages":[],"meta":{}},{"ancestorTitles":["Extra 树校验"],"fullName":"Extra 树校验 isExtraValue 判定","status":"passed","title":"isExtraValue 判定","duration":0.16599999999999682,"failureMessages":[],"meta":{}},{"ancestorTitles":["Extra 树校验"],"fullName":"Extra 树校验 validateExtraValue 直接调用","status":"passed","title":"validateExtraValue 直接调用","duration":0.26780000000002246,"failureMessages":[],"meta":{}},{"ancestorTitles":["ID 三段式格式"],"fullName":"ID 三段式格式 合法 id 通过","status":"passed","title":"合法 id 通过","duration":0.23419999999998709,"failureMessages":[],"meta":{}},{"ancestorTitles":["ID 三段式格式"],"fullName":"ID 三段式格式 非法 id 报错","status":"passed","title":"非法 id 报错","duration":0.27259999999995443,"failureMessages":[],"meta":{}},{"ancestorTitles":["ID 三段式格式"],"fullName":"ID 三段式格式 字符表（resourceDisplays）允许单段 id","status":"passed","title":"字符表（resourceDisplays）允许单段 id","duration":0.31799999999998363,"failureMessages":[],"meta":{}}],"startTime":1789054243875,"endTime":1789054243881.318,"status":"passed","message":"","name":"C:/Users/15229/Documents/Obsidian Vault/1-项目/ACProgram/tools/datapack-editor/validate/extra.test.ts"}]}